{"/Users/sunyi/Documents/opensource/idb-managed/build/js/db_wrapper.js": {"path":"/Users/sunyi/Documents/opensource/idb-managed/build/js/db_wrapper.js","statementMap":{"0":{"start":{"line":3,"column":0},"end":{"line":5,"column":3}},"1":{"start":{"line":6,"column":0},"end":{"line":6,"column":25}},"2":{"start":{"line":8,"column":11},"end":{"line":8,"column":55}},"3":{"start":{"line":10,"column":22},"end":{"line":10,"column":77}},"4":{"start":{"line":12,"column":39},"end":{"line":12,"column":93}},"5":{"start":{"line":14,"column":26},"end":{"line":14,"column":42}},"6":{"start":{"line":16,"column":32},"end":{"line":16,"column":51}},"7":{"start":{"line":17,"column":38},"end":{"line":17,"column":46}},"8":{"start":{"line":18,"column":25},"end":{"line":18,"column":37}},"9":{"start":{"line":19,"column":25},"end":{"line":19,"column":37}},"10":{"start":{"line":21,"column":15},"end":{"line":21,"column":37}},"11":{"start":{"line":23,"column":14},"end":{"line":23,"column":35}},"12":{"start":{"line":25,"column":27},"end":{"line":25,"column":61}},"13":{"start":{"line":27,"column":18},"end":{"line":27,"column":43}},"14":{"start":{"line":29,"column":16},"end":{"line":34,"column":1}},"15":{"start":{"line":35,"column":15},"end":{"line":35,"column":24}},"16":{"start":{"line":36,"column":0},"end":{"line":36,"column":27}}},"fnMap":{"0":{"name":"_interopRequireDefault","decl":{"start":{"line":12,"column":9},"end":{"line":12,"column":31}},"loc":{"start":{"line":12,"column":37},"end":{"line":12,"column":95}},"line":12},"1":{"name":"addItems","decl":{"start":{"line":21,"column":24},"end":{"line":21,"column":32}},"loc":{"start":{"line":21,"column":35},"end":{"line":21,"column":37}},"line":21},"2":{"name":"getItem","decl":{"start":{"line":23,"column":23},"end":{"line":23,"column":30}},"loc":{"start":{"line":23,"column":33},"end":{"line":23,"column":35}},"line":23},"3":{"name":"getItemsBetweenRange","decl":{"start":{"line":25,"column":36},"end":{"line":25,"column":56}},"loc":{"start":{"line":25,"column":59},"end":{"line":25,"column":61}},"line":25},"4":{"name":"deleteItems","decl":{"start":{"line":27,"column":27},"end":{"line":27,"column":38}},"loc":{"start":{"line":27,"column":41},"end":{"line":27,"column":43}},"line":27}},"branchMap":{"0":{"loc":{"start":{"line":12,"column":46},"end":{"line":12,"column":92}},"type":"cond-expr","locations":[{"start":{"line":12,"column":70},"end":{"line":12,"column":73}},{"start":{"line":12,"column":76},"end":{"line":12,"column":92}}],"line":12},"1":{"loc":{"start":{"line":12,"column":46},"end":{"line":12,"column":67}},"type":"binary-expr","locations":[{"start":{"line":12,"column":46},"end":{"line":12,"column":49}},{"start":{"line":12,"column":53},"end":{"line":12,"column":67}}],"line":12}},"s":{"0":1,"1":1,"2":1,"3":1,"4":2,"5":1,"6":1,"7":1,"8":1,"9":1,"10":1,"11":1,"12":1,"13":1,"14":1,"15":1,"16":1},"f":{"0":2,"1":0,"2":0,"3":0,"4":0},"b":{"0":[2,0],"1":[2,2]},"_coverageSchema":"43e27e138ebf9cfc5966b082cf9a028302ed4184","hash":"15bd7fb22141a100415cc87f3446171dabd7be90"}
,"/Users/sunyi/Documents/opensource/idb-managed/build/js/index.js": {"path":"/Users/sunyi/Documents/opensource/idb-managed/build/js/index.js","statementMap":{"0":{"start":{"line":3,"column":0},"end":{"line":5,"column":3}},"1":{"start":{"line":6,"column":0},"end":{"line":6,"column":58}},"2":{"start":{"line":7,"column":0},"end":{"line":7,"column":22}},"3":{"start":{"line":8,"column":0},"end":{"line":8,"column":22}},"4":{"start":{"line":9,"column":0},"end":{"line":9,"column":38}},"5":{"start":{"line":10,"column":0},"end":{"line":10,"column":54}},"6":{"start":{"line":11,"column":0},"end":{"line":11,"column":28}},"7":{"start":{"line":12,"column":0},"end":{"line":12,"column":44}},"8":{"start":{"line":14,"column":18},"end":{"line":14,"column":65}},"9":{"start":{"line":16,"column":22},"end":{"line":16,"column":77}},"10":{"start":{"line":18,"column":39},"end":{"line":18,"column":93}},"11":{"start":{"line":20,"column":50},"end":{"line":20,"column":151}},"12":{"start":{"line":20,"column":92},"end":{"line":20,"column":149}},"13":{"start":{"line":22,"column":44},"end":{"line":22,"column":315}},"14":{"start":{"line":22,"column":57},"end":{"line":22,"column":58}},"15":{"start":{"line":22,"column":102},"end":{"line":22,"column":110}},"16":{"start":{"line":22,"column":112},"end":{"line":22,"column":167}},"17":{"start":{"line":22,"column":168},"end":{"line":22,"column":199}},"18":{"start":{"line":22,"column":200},"end":{"line":22,"column":254}},"19":{"start":{"line":22,"column":227},"end":{"line":22,"column":254}},"20":{"start":{"line":22,"column":255},"end":{"line":22,"column":313}},"21":{"start":{"line":24,"column":62},"end":{"line":24,"column":131}},"22":{"start":{"line":24,"column":78},"end":{"line":24,"column":131}},"23":{"start":{"line":24,"column":132},"end":{"line":24,"column":193}},"24":{"start":{"line":24,"column":149},"end":{"line":24,"column":193}},"25":{"start":{"line":24,"column":194},"end":{"line":24,"column":213}},"26":{"start":{"line":26,"column":18},"end":{"line":26,"column":61}},"27":{"start":{"line":27,"column":26},"end":{"line":27,"column":42}},"28":{"start":{"line":28,"column":29},"end":{"line":28,"column":48}},"29":{"start":{"line":29,"column":34},"end":{"line":29,"column":43}},"30":{"start":{"line":30,"column":28},"end":{"line":30,"column":35}},"31":{"start":{"line":33,"column":2},"end":{"line":37,"column":3}},"32":{"start":{"line":34,"column":4},"end":{"line":34,"column":57}},"33":{"start":{"line":36,"column":4},"end":{"line":36,"column":14}},"34":{"start":{"line":50,"column":0},"end":{"line":80,"column":3}},"35":{"start":{"line":52,"column":4},"end":{"line":52,"column":36}},"36":{"start":{"line":54,"column":4},"end":{"line":56,"column":5}},"37":{"start":{"line":55,"column":6},"end":{"line":55,"column":105}},"38":{"start":{"line":58,"column":4},"end":{"line":60,"column":5}},"39":{"start":{"line":59,"column":6},"end":{"line":59,"column":81}},"40":{"start":{"line":62,"column":4},"end":{"line":64,"column":5}},"41":{"start":{"line":63,"column":6},"end":{"line":63,"column":85}},"42":{"start":{"line":66,"column":4},"end":{"line":66,"column":34}},"43":{"start":{"line":67,"column":4},"end":{"line":67,"column":40}},"44":{"start":{"line":68,"column":4},"end":{"line":68,"column":53}},"45":{"start":{"line":72,"column":2},"end":{"line":77,"column":6}},"46":{"start":{"line":75,"column":6},"end":{"line":75,"column":13}},"47":{"start":{"line":79,"column":2},"end":{"line":79,"column":18}},"48":{"start":{"line":82,"column":0},"end":{"line":82,"column":28}},"49":{"start":{"line":86,"column":17},"end":{"line":88,"column":1}},"50":{"start":{"line":89,"column":15},"end":{"line":89,"column":25}},"51":{"start":{"line":90,"column":0},"end":{"line":90,"column":27}}},"fnMap":{"0":{"name":"_interopRequireDefault","decl":{"start":{"line":18,"column":9},"end":{"line":18,"column":31}},"loc":{"start":{"line":18,"column":37},"end":{"line":18,"column":95}},"line":18},"1":{"name":"_classCallCheck","decl":{"start":{"line":20,"column":9},"end":{"line":20,"column":24}},"loc":{"start":{"line":20,"column":48},"end":{"line":20,"column":153}},"line":20},"2":{"name":"_defineProperties","decl":{"start":{"line":22,"column":9},"end":{"line":22,"column":26}},"loc":{"start":{"line":22,"column":42},"end":{"line":22,"column":317}},"line":22},"3":{"name":"_createClass","decl":{"start":{"line":24,"column":9},"end":{"line":24,"column":21}},"loc":{"start":{"line":24,"column":60},"end":{"line":24,"column":215}},"line":24},"4":{"name":"checkDBNotSupportReason","decl":{"start":{"line":32,"column":9},"end":{"line":32,"column":32}},"loc":{"start":{"line":32,"column":35},"end":{"line":38,"column":1}},"line":32},"5":{"name":"setKV","decl":{"start":{"line":40,"column":9},"end":{"line":40,"column":14}},"loc":{"start":{"line":40,"column":17},"end":{"line":40,"column":19}},"line":40},"6":{"name":"getKV","decl":{"start":{"line":42,"column":9},"end":{"line":42,"column":14}},"loc":{"start":{"line":42,"column":17},"end":{"line":42,"column":19}},"line":42},"7":{"name":"getItemFromDB","decl":{"start":{"line":44,"column":9},"end":{"line":44,"column":22}},"loc":{"start":{"line":44,"column":25},"end":{"line":44,"column":27}},"line":44},"8":{"name":"getItemsInRangeFromDB","decl":{"start":{"line":46,"column":9},"end":{"line":46,"column":30}},"loc":{"start":{"line":46,"column":33},"end":{"line":46,"column":35}},"line":46},"9":{"name":"(anonymous_9)","decl":{"start":{"line":50,"column":0},"end":{"line":50,"column":1}},"loc":{"start":{"line":50,"column":12},"end":{"line":80,"column":1}},"line":50},"10":{"name":"CustomDB","decl":{"start":{"line":51,"column":11},"end":{"line":51,"column":19}},"loc":{"start":{"line":51,"column":30},"end":{"line":69,"column":3}},"line":51},"11":{"name":"addItems","decl":{"start":{"line":74,"column":20},"end":{"line":74,"column":28}},"loc":{"start":{"line":74,"column":39},"end":{"line":76,"column":5}},"line":74},"12":{"name":"deleteDB","decl":{"start":{"line":84,"column":9},"end":{"line":84,"column":17}},"loc":{"start":{"line":84,"column":20},"end":{"line":84,"column":22}},"line":84}},"branchMap":{"0":{"loc":{"start":{"line":18,"column":46},"end":{"line":18,"column":92}},"type":"cond-expr","locations":[{"start":{"line":18,"column":70},"end":{"line":18,"column":73}},{"start":{"line":18,"column":76},"end":{"line":18,"column":92}}],"line":18},"1":{"loc":{"start":{"line":18,"column":46},"end":{"line":18,"column":67}},"type":"binary-expr","locations":[{"start":{"line":18,"column":46},"end":{"line":18,"column":49}},{"start":{"line":18,"column":53},"end":{"line":18,"column":67}}],"line":18},"2":{"loc":{"start":{"line":20,"column":50},"end":{"line":20,"column":151}},"type":"if","locations":[{"start":{"line":20,"column":50},"end":{"line":20,"column":151}},{"start":{"line":20,"column":50},"end":{"line":20,"column":151}}],"line":20},"3":{"loc":{"start":{"line":22,"column":136},"end":{"line":22,"column":166}},"type":"binary-expr","locations":[{"start":{"line":22,"column":136},"end":{"line":22,"column":157}},{"start":{"line":22,"column":161},"end":{"line":22,"column":166}}],"line":22},"4":{"loc":{"start":{"line":22,"column":200},"end":{"line":22,"column":254}},"type":"if","locations":[{"start":{"line":22,"column":200},"end":{"line":22,"column":254}},{"start":{"line":22,"column":200},"end":{"line":22,"column":254}}],"line":22},"5":{"loc":{"start":{"line":24,"column":62},"end":{"line":24,"column":131}},"type":"if","locations":[{"start":{"line":24,"column":62},"end":{"line":24,"column":131}},{"start":{"line":24,"column":62},"end":{"line":24,"column":131}}],"line":24},"6":{"loc":{"start":{"line":24,"column":132},"end":{"line":24,"column":193}},"type":"if","locations":[{"start":{"line":24,"column":132},"end":{"line":24,"column":193}},{"start":{"line":24,"column":132},"end":{"line":24,"column":193}}],"line":24},"7":{"loc":{"start":{"line":33,"column":2},"end":{"line":37,"column":3}},"type":"if","locations":[{"start":{"line":33,"column":2},"end":{"line":37,"column":3}},{"start":{"line":33,"column":2},"end":{"line":37,"column":3}}],"line":33},"8":{"loc":{"start":{"line":54,"column":4},"end":{"line":56,"column":5}},"type":"if","locations":[{"start":{"line":54,"column":4},"end":{"line":56,"column":5}},{"start":{"line":54,"column":4},"end":{"line":56,"column":5}}],"line":54},"9":{"loc":{"start":{"line":58,"column":4},"end":{"line":60,"column":5}},"type":"if","locations":[{"start":{"line":58,"column":4},"end":{"line":60,"column":5}},{"start":{"line":58,"column":4},"end":{"line":60,"column":5}}],"line":58},"10":{"loc":{"start":{"line":62,"column":4},"end":{"line":64,"column":5}},"type":"if","locations":[{"start":{"line":62,"column":4},"end":{"line":64,"column":5}},{"start":{"line":62,"column":4},"end":{"line":64,"column":5}}],"line":62},"11":{"loc":{"start":{"line":68,"column":21},"end":{"line":68,"column":52}},"type":"binary-expr","locations":[{"start":{"line":68,"column":21},"end":{"line":68,"column":39}},{"start":{"line":68,"column":43},"end":{"line":68,"column":52}}],"line":68}},"s":{"0":1,"1":1,"2":1,"3":1,"4":1,"5":1,"6":1,"7":1,"8":1,"9":1,"10":2,"11":0,"12":0,"13":1,"14":1,"15":1,"16":1,"17":1,"18":1,"19":1,"20":1,"21":1,"22":1,"23":1,"24":0,"25":1,"26":1,"27":1,"28":1,"29":1,"30":1,"31":1,"32":1,"33":0,"34":1,"35":0,"36":0,"37":0,"38":0,"39":0,"40":0,"41":0,"42":0,"43":0,"44":0,"45":1,"46":0,"47":1,"48":1,"49":1,"50":1,"51":1},"f":{"0":2,"1":0,"2":1,"3":1,"4":1,"5":0,"6":0,"7":0,"8":0,"9":1,"10":0,"11":0,"12":0},"b":{"0":[2,0],"1":[2,2],"2":[0,0],"3":[1,1],"4":[1,0],"5":[1,0],"6":[0,1],"7":[1,0],"8":[0,0],"9":[0,0],"10":[0,0],"11":[0,0]},"_coverageSchema":"43e27e138ebf9cfc5966b082cf9a028302ed4184","hash":"fdcb6e7cbd0cfbdddc97a46801ed6c9761932eec"}
,"/Users/sunyi/Documents/opensource/idb-managed/build/js/lib/db_env_checker.js": {"path":"/Users/sunyi/Documents/opensource/idb-managed/build/js/lib/db_env_checker.js","statementMap":{"0":{"start":{"line":3,"column":0},"end":{"line":5,"column":3}},"1":{"start":{"line":6,"column":0},"end":{"line":6,"column":25}},"2":{"start":{"line":8,"column":24},"end":{"line":8,"column":77}},"3":{"start":{"line":10,"column":39},"end":{"line":10,"column":93}},"4":{"start":{"line":12,"column":15},"end":{"line":36,"column":1}},"5":{"start":{"line":14,"column":4},"end":{"line":34,"column":5}},"6":{"start":{"line":15,"column":6},"end":{"line":30,"column":9}},"7":{"start":{"line":16,"column":8},"end":{"line":29,"column":9}},"8":{"start":{"line":17,"column":10},"end":{"line":19,"column":13}},"9":{"start":{"line":20,"column":15},"end":{"line":29,"column":9}},"10":{"start":{"line":21,"column":10},"end":{"line":23,"column":13}},"11":{"start":{"line":24,"column":15},"end":{"line":29,"column":9}},"12":{"start":{"line":25,"column":10},"end":{"line":27,"column":13}},"13":{"start":{"line":31,"column":6},"end":{"line":31,"column":18}},"14":{"start":{"line":33,"column":6},"end":{"line":33,"column":22}},"15":{"start":{"line":37,"column":0},"end":{"line":37,"column":27}}},"fnMap":{"0":{"name":"_interopRequireDefault","decl":{"start":{"line":10,"column":9},"end":{"line":10,"column":31}},"loc":{"start":{"line":10,"column":37},"end":{"line":10,"column":95}},"line":10},"1":{"name":"getResult","decl":{"start":{"line":13,"column":22},"end":{"line":13,"column":31}},"loc":{"start":{"line":13,"column":34},"end":{"line":35,"column":3}},"line":13},"2":{"name":"(anonymous_2)","decl":{"start":{"line":15,"column":119},"end":{"line":15,"column":120}},"loc":{"start":{"line":15,"column":139},"end":{"line":30,"column":7}},"line":15}},"branchMap":{"0":{"loc":{"start":{"line":10,"column":46},"end":{"line":10,"column":92}},"type":"cond-expr","locations":[{"start":{"line":10,"column":70},"end":{"line":10,"column":73}},{"start":{"line":10,"column":76},"end":{"line":10,"column":92}}],"line":10},"1":{"loc":{"start":{"line":10,"column":46},"end":{"line":10,"column":67}},"type":"binary-expr","locations":[{"start":{"line":10,"column":46},"end":{"line":10,"column":49}},{"start":{"line":10,"column":53},"end":{"line":10,"column":67}}],"line":10},"2":{"loc":{"start":{"line":16,"column":8},"end":{"line":29,"column":9}},"type":"if","locations":[{"start":{"line":16,"column":8},"end":{"line":29,"column":9}},{"start":{"line":16,"column":8},"end":{"line":29,"column":9}}],"line":16},"3":{"loc":{"start":{"line":16,"column":12},"end":{"line":16,"column":39}},"type":"binary-expr","locations":[{"start":{"line":16,"column":12},"end":{"line":16,"column":18}},{"start":{"line":16,"column":22},"end":{"line":16,"column":39}}],"line":16},"4":{"loc":{"start":{"line":20,"column":15},"end":{"line":29,"column":9}},"type":"if","locations":[{"start":{"line":20,"column":15},"end":{"line":29,"column":9}},{"start":{"line":20,"column":15},"end":{"line":29,"column":9}}],"line":20},"5":{"loc":{"start":{"line":20,"column":19},"end":{"line":20,"column":53}},"type":"binary-expr","locations":[{"start":{"line":20,"column":19},"end":{"line":20,"column":26}},{"start":{"line":20,"column":30},"end":{"line":20,"column":34}},{"start":{"line":20,"column":38},"end":{"line":20,"column":53}}],"line":20},"6":{"loc":{"start":{"line":24,"column":15},"end":{"line":29,"column":9}},"type":"if","locations":[{"start":{"line":24,"column":15},"end":{"line":29,"column":9}},{"start":{"line":24,"column":15},"end":{"line":29,"column":9}}],"line":24},"7":{"loc":{"start":{"line":24,"column":19},"end":{"line":24,"column":35}},"type":"binary-expr","locations":[{"start":{"line":24,"column":19},"end":{"line":24,"column":26}},{"start":{"line":24,"column":30},"end":{"line":24,"column":35}}],"line":24}},"s":{"0":1,"1":1,"2":1,"3":1,"4":1,"5":2,"6":2,"7":2,"8":2,"9":0,"10":0,"11":0,"12":0,"13":0,"14":2,"15":1},"f":{"0":1,"1":2,"2":2},"b":{"0":[1,0],"1":[1,1],"2":[2,0],"3":[2,2],"4":[0,0],"5":[0,0,0],"6":[0,0],"7":[0,0]},"_coverageSchema":"43e27e138ebf9cfc5966b082cf9a028302ed4184","hash":"8ff7ae135dff08f7a9723ef9b33742f12547586e"}
,"/Users/sunyi/Documents/opensource/idb-managed/build/js/lib/formatted_result.js": {"path":"/Users/sunyi/Documents/opensource/idb-managed/build/js/lib/formatted_result.js","statementMap":{"0":{"start":{"line":3,"column":0},"end":{"line":5,"column":3}},"1":{"start":{"line":6,"column":0},"end":{"line":6,"column":25}},"2":{"start":{"line":12,"column":24},"end":{"line":16,"column":3}},"3":{"start":{"line":18,"column":2},"end":{"line":21,"column":4}},"4":{"start":{"line":19,"column":4},"end":{"line":19,"column":79}},"5":{"start":{"line":20,"column":4},"end":{"line":20,"column":27}},"6":{"start":{"line":23,"column":2},"end":{"line":23,"column":25}},"7":{"start":{"line":26,"column":15},"end":{"line":29,"column":1}},"8":{"start":{"line":30,"column":0},"end":{"line":30,"column":27}}},"fnMap":{"0":{"name":"resultFormatter","decl":{"start":{"line":11,"column":9},"end":{"line":11,"column":24}},"loc":{"start":{"line":11,"column":36},"end":{"line":24,"column":1}},"line":11},"1":{"name":"(anonymous_1)","decl":{"start":{"line":18,"column":28},"end":{"line":18,"column":29}},"loc":{"start":{"line":18,"column":50},"end":{"line":21,"column":3}},"line":18}},"branchMap":{},"s":{"0":1,"1":1,"2":2,"3":2,"4":2,"5":2,"6":2,"7":1,"8":1},"f":{"0":2,"1":2},"b":{},"_coverageSchema":"43e27e138ebf9cfc5966b082cf9a028302ed4184","hash":"200bed3f3f1e2c1caf0c330e5715267c79d5fa42"}
,"/Users/sunyi/Documents/opensource/idb-managed/build/js/lib/idb.js": {"path":"/Users/sunyi/Documents/opensource/idb-managed/build/js/lib/idb.js","statementMap":{"0":{"start":{"line":3,"column":0},"end":{"line":5,"column":3}},"1":{"start":{"line":6,"column":0},"end":{"line":6,"column":25}},"2":{"start":{"line":8,"column":22},"end":{"line":8,"column":73}},"3":{"start":{"line":10,"column":39},"end":{"line":10,"column":93}},"4":{"start":{"line":18,"column":2},"end":{"line":18,"column":41}},"5":{"start":{"line":22,"column":2},"end":{"line":30,"column":5}},"6":{"start":{"line":23,"column":4},"end":{"line":25,"column":6}},"7":{"start":{"line":24,"column":6},"end":{"line":24,"column":30}},"8":{"start":{"line":27,"column":4},"end":{"line":29,"column":6}},"9":{"start":{"line":28,"column":6},"end":{"line":28,"column":28}},"10":{"start":{"line":35,"column":10},"end":{"line":38,"column":4}},"11":{"start":{"line":36,"column":4},"end":{"line":36,"column":43}},"12":{"start":{"line":37,"column":4},"end":{"line":37,"column":52}},"13":{"start":{"line":39,"column":2},"end":{"line":39,"column":22}},"14":{"start":{"line":40,"column":2},"end":{"line":40,"column":11}},"15":{"start":{"line":44,"column":10},"end":{"line":44,"column":49}},"16":{"start":{"line":45,"column":2},"end":{"line":48,"column":5}},"17":{"start":{"line":46,"column":4},"end":{"line":46,"column":23}},"18":{"start":{"line":46,"column":16},"end":{"line":46,"column":23}},"19":{"start":{"line":47,"column":4},"end":{"line":47,"column":40}},"20":{"start":{"line":52,"column":2},"end":{"line":61,"column":5}},"21":{"start":{"line":53,"column":4},"end":{"line":60,"column":7}},"22":{"start":{"line":55,"column":8},"end":{"line":55,"column":38}},"23":{"start":{"line":58,"column":8},"end":{"line":58,"column":37}},"24":{"start":{"line":65,"column":2},"end":{"line":71,"column":5}},"25":{"start":{"line":66,"column":4},"end":{"line":66,"column":49}},"26":{"start":{"line":66,"column":42},"end":{"line":66,"column":49}},"27":{"start":{"line":68,"column":4},"end":{"line":70,"column":6}},"28":{"start":{"line":69,"column":6},"end":{"line":69,"column":69}},"29":{"start":{"line":75,"column":2},"end":{"line":81,"column":5}},"30":{"start":{"line":76,"column":4},"end":{"line":76,"column":49}},"31":{"start":{"line":76,"column":42},"end":{"line":76,"column":49}},"32":{"start":{"line":78,"column":4},"end":{"line":80,"column":6}},"33":{"start":{"line":79,"column":6},"end":{"line":79,"column":71}},"34":{"start":{"line":85,"column":2},"end":{"line":91,"column":5}},"35":{"start":{"line":86,"column":4},"end":{"line":86,"column":49}},"36":{"start":{"line":86,"column":42},"end":{"line":86,"column":49}},"37":{"start":{"line":88,"column":4},"end":{"line":90,"column":6}},"38":{"start":{"line":89,"column":6},"end":{"line":89,"column":75}},"39":{"start":{"line":95,"column":2},"end":{"line":95,"column":22}},"40":{"start":{"line":99,"column":2},"end":{"line":99,"column":24}},"41":{"start":{"line":100,"column":2},"end":{"line":100,"column":26}},"42":{"start":{"line":104,"column":2},"end":{"line":104,"column":22}},"43":{"start":{"line":107,"column":0},"end":{"line":109,"column":2}},"44":{"start":{"line":108,"column":2},"end":{"line":108,"column":74}},"45":{"start":{"line":111,"column":0},"end":{"line":113,"column":2}},"46":{"start":{"line":112,"column":2},"end":{"line":112,"column":68}},"47":{"start":{"line":116,"column":2},"end":{"line":116,"column":28}},"48":{"start":{"line":117,"column":2},"end":{"line":129,"column":5}},"49":{"start":{"line":118,"column":4},"end":{"line":120,"column":6}},"50":{"start":{"line":119,"column":6},"end":{"line":119,"column":16}},"51":{"start":{"line":122,"column":4},"end":{"line":124,"column":6}},"52":{"start":{"line":123,"column":6},"end":{"line":123,"column":35}},"53":{"start":{"line":126,"column":4},"end":{"line":128,"column":6}},"54":{"start":{"line":127,"column":6},"end":{"line":127,"column":35}},"55":{"start":{"line":132,"column":0},"end":{"line":134,"column":2}},"56":{"start":{"line":133,"column":2},"end":{"line":133,"column":74}},"57":{"start":{"line":137,"column":2},"end":{"line":137,"column":16}},"58":{"start":{"line":138,"column":2},"end":{"line":138,"column":31}},"59":{"start":{"line":139,"column":2},"end":{"line":139,"column":50}},"60":{"start":{"line":142,"column":0},"end":{"line":144,"column":2}},"61":{"start":{"line":143,"column":2},"end":{"line":143,"column":80}},"62":{"start":{"line":147,"column":2},"end":{"line":147,"column":16}},"63":{"start":{"line":150,"column":0},"end":{"line":152,"column":2}},"64":{"start":{"line":151,"column":2},"end":{"line":151,"column":74}},"65":{"start":{"line":155,"column":2},"end":{"line":155,"column":80}},"66":{"start":{"line":156,"column":2},"end":{"line":156,"column":101}},"67":{"start":{"line":157,"column":2},"end":{"line":157,"column":88}},"68":{"start":{"line":158,"column":2},"end":{"line":158,"column":82}},"69":{"start":{"line":159,"column":2},"end":{"line":159,"column":74}},"70":{"start":{"line":160,"column":2},"end":{"line":160,"column":93}},"71":{"start":{"line":161,"column":2},"end":{"line":161,"column":146}},"72":{"start":{"line":162,"column":2},"end":{"line":162,"column":100}},"73":{"start":{"line":163,"column":2},"end":{"line":163,"column":71}},"74":{"start":{"line":164,"column":2},"end":{"line":164,"column":68}},"75":{"start":{"line":165,"column":2},"end":{"line":165,"column":62}},"76":{"start":{"line":166,"column":2},"end":{"line":166,"column":77}},"77":{"start":{"line":167,"column":2},"end":{"line":167,"column":78}},"78":{"start":{"line":168,"column":2},"end":{"line":168,"column":70}},"79":{"start":{"line":169,"column":2},"end":{"line":169,"column":50}},"80":{"start":{"line":171,"column":2},"end":{"line":186,"column":5}},"81":{"start":{"line":172,"column":4},"end":{"line":172,"column":53}},"82":{"start":{"line":172,"column":46},"end":{"line":172,"column":53}},"83":{"start":{"line":174,"column":4},"end":{"line":185,"column":6}},"84":{"start":{"line":175,"column":19},"end":{"line":175,"column":23}},"85":{"start":{"line":176,"column":17},"end":{"line":176,"column":26}},"86":{"start":{"line":177,"column":6},"end":{"line":184,"column":9}},"87":{"start":{"line":178,"column":8},"end":{"line":178,"column":63}},"88":{"start":{"line":180,"column":8},"end":{"line":183,"column":11}},"89":{"start":{"line":181,"column":10},"end":{"line":181,"column":29}},"90":{"start":{"line":181,"column":22},"end":{"line":181,"column":29}},"91":{"start":{"line":182,"column":10},"end":{"line":182,"column":52}},"92":{"start":{"line":189,"column":2},"end":{"line":205,"column":5}},"93":{"start":{"line":190,"column":4},"end":{"line":204,"column":7}},"94":{"start":{"line":192,"column":6},"end":{"line":192,"column":55}},"95":{"start":{"line":192,"column":48},"end":{"line":192,"column":55}},"96":{"start":{"line":194,"column":6},"end":{"line":203,"column":8}},"97":{"start":{"line":195,"column":19},"end":{"line":195,"column":37}},"98":{"start":{"line":196,"column":23},"end":{"line":196,"column":44}},"99":{"start":{"line":197,"column":27},"end":{"line":197,"column":53}},"100":{"start":{"line":198,"column":22},"end":{"line":198,"column":83}},"101":{"start":{"line":200,"column":8},"end":{"line":202,"column":10}},"102":{"start":{"line":201,"column":10},"end":{"line":201,"column":35}},"103":{"start":{"line":207,"column":2},"end":{"line":231,"column":5}},"104":{"start":{"line":208,"column":4},"end":{"line":208,"column":45}},"105":{"start":{"line":208,"column":38},"end":{"line":208,"column":45}},"106":{"start":{"line":210,"column":4},"end":{"line":230,"column":6}},"107":{"start":{"line":211,"column":21},"end":{"line":211,"column":25}},"108":{"start":{"line":212,"column":18},"end":{"line":212,"column":20}},"109":{"start":{"line":213,"column":6},"end":{"line":229,"column":9}},"110":{"start":{"line":214,"column":8},"end":{"line":228,"column":11}},"111":{"start":{"line":215,"column":10},"end":{"line":218,"column":11}},"112":{"start":{"line":216,"column":12},"end":{"line":216,"column":27}},"113":{"start":{"line":217,"column":12},"end":{"line":217,"column":19}},"114":{"start":{"line":220,"column":10},"end":{"line":220,"column":35}},"115":{"start":{"line":222,"column":10},"end":{"line":225,"column":11}},"116":{"start":{"line":223,"column":12},"end":{"line":223,"column":27}},"117":{"start":{"line":224,"column":12},"end":{"line":224,"column":19}},"118":{"start":{"line":227,"column":10},"end":{"line":227,"column":28}},"119":{"start":{"line":234,"column":15},"end":{"line":263,"column":1}},"120":{"start":{"line":236,"column":4},"end":{"line":254,"column":5}},"121":{"start":{"line":237,"column":6},"end":{"line":237,"column":65}},"122":{"start":{"line":239,"column":6},"end":{"line":239,"column":33}},"123":{"start":{"line":240,"column":14},"end":{"line":240,"column":70}},"124":{"start":{"line":241,"column":20},"end":{"line":241,"column":29}},"125":{"start":{"line":243,"column":6},"end":{"line":249,"column":7}},"126":{"start":{"line":244,"column":8},"end":{"line":248,"column":10}},"127":{"start":{"line":245,"column":10},"end":{"line":247,"column":11}},"128":{"start":{"line":246,"column":12},"end":{"line":246,"column":98}},"129":{"start":{"line":251,"column":6},"end":{"line":253,"column":9}},"130":{"start":{"line":252,"column":8},"end":{"line":252,"column":26}},"131":{"start":{"line":257,"column":4},"end":{"line":261,"column":5}},"132":{"start":{"line":258,"column":6},"end":{"line":258,"column":65}},"133":{"start":{"line":260,"column":6},"end":{"line":260,"column":71}},"134":{"start":{"line":264,"column":0},"end":{"line":264,"column":27}}},"fnMap":{"0":{"name":"_interopRequireDefault","decl":{"start":{"line":10,"column":9},"end":{"line":10,"column":31}},"loc":{"start":{"line":10,"column":37},"end":{"line":10,"column":95}},"line":10},"1":{"name":"toArray","decl":{"start":{"line":17,"column":9},"end":{"line":17,"column":16}},"loc":{"start":{"line":17,"column":22},"end":{"line":19,"column":1}},"line":17},"2":{"name":"promisifyRequest","decl":{"start":{"line":21,"column":9},"end":{"line":21,"column":25}},"loc":{"start":{"line":21,"column":35},"end":{"line":31,"column":1}},"line":21},"3":{"name":"(anonymous_3)","decl":{"start":{"line":22,"column":21},"end":{"line":22,"column":22}},"loc":{"start":{"line":22,"column":48},"end":{"line":30,"column":3}},"line":22},"4":{"name":"(anonymous_4)","decl":{"start":{"line":23,"column":24},"end":{"line":23,"column":25}},"loc":{"start":{"line":23,"column":36},"end":{"line":25,"column":5}},"line":23},"5":{"name":"(anonymous_5)","decl":{"start":{"line":27,"column":22},"end":{"line":27,"column":23}},"loc":{"start":{"line":27,"column":34},"end":{"line":29,"column":5}},"line":27},"6":{"name":"promisifyRequestCall","decl":{"start":{"line":33,"column":9},"end":{"line":33,"column":29}},"loc":{"start":{"line":33,"column":49},"end":{"line":41,"column":1}},"line":33},"7":{"name":"(anonymous_7)","decl":{"start":{"line":35,"column":22},"end":{"line":35,"column":23}},"loc":{"start":{"line":35,"column":49},"end":{"line":38,"column":3}},"line":35},"8":{"name":"promisifyCursorRequestCall","decl":{"start":{"line":43,"column":9},"end":{"line":43,"column":35}},"loc":{"start":{"line":43,"column":55},"end":{"line":49,"column":1}},"line":43},"9":{"name":"(anonymous_9)","decl":{"start":{"line":45,"column":16},"end":{"line":45,"column":17}},"loc":{"start":{"line":45,"column":33},"end":{"line":48,"column":3}},"line":45},"10":{"name":"proxyProperties","decl":{"start":{"line":51,"column":9},"end":{"line":51,"column":24}},"loc":{"start":{"line":51,"column":61},"end":{"line":62,"column":1}},"line":51},"11":{"name":"(anonymous_11)","decl":{"start":{"line":52,"column":21},"end":{"line":52,"column":22}},"loc":{"start":{"line":52,"column":37},"end":{"line":61,"column":3}},"line":52},"12":{"name":"get","decl":{"start":{"line":54,"column":20},"end":{"line":54,"column":23}},"loc":{"start":{"line":54,"column":26},"end":{"line":56,"column":7}},"line":54},"13":{"name":"set","decl":{"start":{"line":57,"column":20},"end":{"line":57,"column":23}},"loc":{"start":{"line":57,"column":29},"end":{"line":59,"column":7}},"line":57},"14":{"name":"proxyRequestMethods","decl":{"start":{"line":64,"column":9},"end":{"line":64,"column":28}},"loc":{"start":{"line":64,"column":78},"end":{"line":72,"column":1}},"line":64},"15":{"name":"(anonymous_15)","decl":{"start":{"line":65,"column":21},"end":{"line":65,"column":22}},"loc":{"start":{"line":65,"column":37},"end":{"line":71,"column":3}},"line":65},"16":{"name":"(anonymous_16)","decl":{"start":{"line":68,"column":33},"end":{"line":68,"column":34}},"loc":{"start":{"line":68,"column":45},"end":{"line":70,"column":5}},"line":68},"17":{"name":"proxyMethods","decl":{"start":{"line":74,"column":9},"end":{"line":74,"column":21}},"loc":{"start":{"line":74,"column":71},"end":{"line":82,"column":1}},"line":74},"18":{"name":"(anonymous_18)","decl":{"start":{"line":75,"column":21},"end":{"line":75,"column":22}},"loc":{"start":{"line":75,"column":37},"end":{"line":81,"column":3}},"line":75},"19":{"name":"(anonymous_19)","decl":{"start":{"line":78,"column":33},"end":{"line":78,"column":34}},"loc":{"start":{"line":78,"column":45},"end":{"line":80,"column":5}},"line":78},"20":{"name":"proxyCursorRequestMethods","decl":{"start":{"line":84,"column":9},"end":{"line":84,"column":34}},"loc":{"start":{"line":84,"column":84},"end":{"line":92,"column":1}},"line":84},"21":{"name":"(anonymous_21)","decl":{"start":{"line":85,"column":21},"end":{"line":85,"column":22}},"loc":{"start":{"line":85,"column":37},"end":{"line":91,"column":3}},"line":85},"22":{"name":"(anonymous_22)","decl":{"start":{"line":88,"column":33},"end":{"line":88,"column":34}},"loc":{"start":{"line":88,"column":45},"end":{"line":90,"column":5}},"line":88},"23":{"name":"Index","decl":{"start":{"line":94,"column":9},"end":{"line":94,"column":14}},"loc":{"start":{"line":94,"column":22},"end":{"line":96,"column":1}},"line":94},"24":{"name":"Cursor","decl":{"start":{"line":98,"column":9},"end":{"line":98,"column":15}},"loc":{"start":{"line":98,"column":33},"end":{"line":101,"column":1}},"line":98},"25":{"name":"ObjectStore","decl":{"start":{"line":103,"column":9},"end":{"line":103,"column":20}},"loc":{"start":{"line":103,"column":28},"end":{"line":105,"column":1}},"line":103},"26":{"name":"(anonymous_26)","decl":{"start":{"line":107,"column":36},"end":{"line":107,"column":37}},"loc":{"start":{"line":107,"column":48},"end":{"line":109,"column":1}},"line":107},"27":{"name":"(anonymous_27)","decl":{"start":{"line":111,"column":30},"end":{"line":111,"column":31}},"loc":{"start":{"line":111,"column":42},"end":{"line":113,"column":1}},"line":111},"28":{"name":"Transaction","decl":{"start":{"line":115,"column":9},"end":{"line":115,"column":20}},"loc":{"start":{"line":115,"column":37},"end":{"line":130,"column":1}},"line":115},"29":{"name":"(anonymous_29)","decl":{"start":{"line":117,"column":30},"end":{"line":117,"column":31}},"loc":{"start":{"line":117,"column":57},"end":{"line":129,"column":3}},"line":117},"30":{"name":"(anonymous_30)","decl":{"start":{"line":118,"column":32},"end":{"line":118,"column":33}},"loc":{"start":{"line":118,"column":44},"end":{"line":120,"column":5}},"line":118},"31":{"name":"(anonymous_31)","decl":{"start":{"line":122,"column":29},"end":{"line":122,"column":30}},"loc":{"start":{"line":122,"column":41},"end":{"line":124,"column":5}},"line":122},"32":{"name":"(anonymous_32)","decl":{"start":{"line":126,"column":29},"end":{"line":126,"column":30}},"loc":{"start":{"line":126,"column":41},"end":{"line":128,"column":5}},"line":126},"33":{"name":"(anonymous_33)","decl":{"start":{"line":132,"column":36},"end":{"line":132,"column":37}},"loc":{"start":{"line":132,"column":48},"end":{"line":134,"column":1}},"line":132},"34":{"name":"UpgradeDB","decl":{"start":{"line":136,"column":9},"end":{"line":136,"column":18}},"loc":{"start":{"line":136,"column":48},"end":{"line":140,"column":1}},"line":136},"35":{"name":"(anonymous_35)","decl":{"start":{"line":142,"column":40},"end":{"line":142,"column":41}},"loc":{"start":{"line":142,"column":52},"end":{"line":144,"column":1}},"line":142},"36":{"name":"DB","decl":{"start":{"line":146,"column":9},"end":{"line":146,"column":11}},"loc":{"start":{"line":146,"column":16},"end":{"line":148,"column":1}},"line":146},"37":{"name":"(anonymous_37)","decl":{"start":{"line":150,"column":27},"end":{"line":150,"column":28}},"loc":{"start":{"line":150,"column":39},"end":{"line":152,"column":1}},"line":150},"38":{"name":"methodsExecuteIfEnvValid","decl":{"start":{"line":154,"column":9},"end":{"line":154,"column":33}},"loc":{"start":{"line":154,"column":36},"end":{"line":232,"column":1}},"line":154},"39":{"name":"(anonymous_39)","decl":{"start":{"line":171,"column":56},"end":{"line":171,"column":57}},"loc":{"start":{"line":171,"column":78},"end":{"line":186,"column":3}},"line":171},"40":{"name":"(anonymous_40)","decl":{"start":{"line":174,"column":35},"end":{"line":174,"column":36}},"loc":{"start":{"line":174,"column":47},"end":{"line":185,"column":5}},"line":174},"41":{"name":"(anonymous_41)","decl":{"start":{"line":177,"column":36},"end":{"line":177,"column":37}},"loc":{"start":{"line":177,"column":48},"end":{"line":184,"column":7}},"line":177},"42":{"name":"(anonymous_42)","decl":{"start":{"line":180,"column":54},"end":{"line":180,"column":55}},"loc":{"start":{"line":180,"column":71},"end":{"line":183,"column":9}},"line":180},"43":{"name":"(anonymous_43)","decl":{"start":{"line":189,"column":42},"end":{"line":189,"column":43}},"loc":{"start":{"line":189,"column":62},"end":{"line":205,"column":3}},"line":189},"44":{"name":"(anonymous_44)","decl":{"start":{"line":190,"column":33},"end":{"line":190,"column":34}},"loc":{"start":{"line":190,"column":56},"end":{"line":204,"column":5}},"line":190},"45":{"name":"(anonymous_45)","decl":{"start":{"line":194,"column":67},"end":{"line":194,"column":68}},"loc":{"start":{"line":194,"column":79},"end":{"line":203,"column":7}},"line":194},"46":{"name":"(anonymous_46)","decl":{"start":{"line":200,"column":28},"end":{"line":200,"column":29}},"loc":{"start":{"line":200,"column":40},"end":{"line":202,"column":9}},"line":200},"47":{"name":"(anonymous_47)","decl":{"start":{"line":207,"column":31},"end":{"line":207,"column":32}},"loc":{"start":{"line":207,"column":54},"end":{"line":231,"column":3}},"line":207},"48":{"name":"(anonymous_48)","decl":{"start":{"line":210,"column":35},"end":{"line":210,"column":36}},"loc":{"start":{"line":210,"column":59},"end":{"line":230,"column":5}},"line":210},"49":{"name":"(anonymous_49)","decl":{"start":{"line":213,"column":25},"end":{"line":213,"column":26}},"loc":{"start":{"line":213,"column":44},"end":{"line":229,"column":7}},"line":213},"50":{"name":"(anonymous_50)","decl":{"start":{"line":214,"column":38},"end":{"line":214,"column":39}},"loc":{"start":{"line":214,"column":56},"end":{"line":228,"column":9}},"line":214},"51":{"name":"open","decl":{"start":{"line":235,"column":17},"end":{"line":235,"column":21}},"loc":{"start":{"line":235,"column":54},"end":{"line":255,"column":3}},"line":235},"52":{"name":"(anonymous_52)","decl":{"start":{"line":244,"column":34},"end":{"line":244,"column":35}},"loc":{"start":{"line":244,"column":51},"end":{"line":248,"column":9}},"line":244},"53":{"name":"(anonymous_53)","decl":{"start":{"line":251,"column":20},"end":{"line":251,"column":21}},"loc":{"start":{"line":251,"column":34},"end":{"line":253,"column":7}},"line":251},"54":{"name":"_delete","decl":{"start":{"line":256,"column":19},"end":{"line":256,"column":26}},"loc":{"start":{"line":256,"column":33},"end":{"line":262,"column":3}},"line":256}},"branchMap":{"0":{"loc":{"start":{"line":10,"column":46},"end":{"line":10,"column":92}},"type":"cond-expr","locations":[{"start":{"line":10,"column":70},"end":{"line":10,"column":73}},{"start":{"line":10,"column":76},"end":{"line":10,"column":92}}],"line":10},"1":{"loc":{"start":{"line":10,"column":46},"end":{"line":10,"column":67}},"type":"binary-expr","locations":[{"start":{"line":10,"column":46},"end":{"line":10,"column":49}},{"start":{"line":10,"column":53},"end":{"line":10,"column":67}}],"line":10},"2":{"loc":{"start":{"line":46,"column":4},"end":{"line":46,"column":23}},"type":"if","locations":[{"start":{"line":46,"column":4},"end":{"line":46,"column":23}},{"start":{"line":46,"column":4},"end":{"line":46,"column":23}}],"line":46},"3":{"loc":{"start":{"line":66,"column":4},"end":{"line":66,"column":49}},"type":"if","locations":[{"start":{"line":66,"column":4},"end":{"line":66,"column":49}},{"start":{"line":66,"column":4},"end":{"line":66,"column":49}}],"line":66},"4":{"loc":{"start":{"line":76,"column":4},"end":{"line":76,"column":49}},"type":"if","locations":[{"start":{"line":76,"column":4},"end":{"line":76,"column":49}},{"start":{"line":76,"column":4},"end":{"line":76,"column":49}}],"line":76},"5":{"loc":{"start":{"line":86,"column":4},"end":{"line":86,"column":49}},"type":"if","locations":[{"start":{"line":86,"column":4},"end":{"line":86,"column":49}},{"start":{"line":86,"column":4},"end":{"line":86,"column":49}}],"line":86},"6":{"loc":{"start":{"line":172,"column":4},"end":{"line":172,"column":53}},"type":"if","locations":[{"start":{"line":172,"column":4},"end":{"line":172,"column":53}},{"start":{"line":172,"column":4},"end":{"line":172,"column":53}}],"line":172},"7":{"loc":{"start":{"line":181,"column":10},"end":{"line":181,"column":29}},"type":"if","locations":[{"start":{"line":181,"column":10},"end":{"line":181,"column":29}},{"start":{"line":181,"column":10},"end":{"line":181,"column":29}}],"line":181},"8":{"loc":{"start":{"line":192,"column":6},"end":{"line":192,"column":55}},"type":"if","locations":[{"start":{"line":192,"column":6},"end":{"line":192,"column":55}},{"start":{"line":192,"column":6},"end":{"line":192,"column":55}}],"line":192},"9":{"loc":{"start":{"line":197,"column":27},"end":{"line":197,"column":53}},"type":"binary-expr","locations":[{"start":{"line":197,"column":27},"end":{"line":197,"column":38}},{"start":{"line":197,"column":42},"end":{"line":197,"column":53}}],"line":197},"10":{"loc":{"start":{"line":208,"column":4},"end":{"line":208,"column":45}},"type":"if","locations":[{"start":{"line":208,"column":4},"end":{"line":208,"column":45}},{"start":{"line":208,"column":4},"end":{"line":208,"column":45}}],"line":208},"11":{"loc":{"start":{"line":215,"column":10},"end":{"line":218,"column":11}},"type":"if","locations":[{"start":{"line":215,"column":10},"end":{"line":218,"column":11}},{"start":{"line":215,"column":10},"end":{"line":218,"column":11}}],"line":215},"12":{"loc":{"start":{"line":222,"column":10},"end":{"line":225,"column":11}},"type":"if","locations":[{"start":{"line":222,"column":10},"end":{"line":225,"column":11}},{"start":{"line":222,"column":10},"end":{"line":225,"column":11}}],"line":222},"13":{"loc":{"start":{"line":222,"column":14},"end":{"line":222,"column":58}},"type":"binary-expr","locations":[{"start":{"line":222,"column":14},"end":{"line":222,"column":33}},{"start":{"line":222,"column":37},"end":{"line":222,"column":58}}],"line":222},"14":{"loc":{"start":{"line":236,"column":4},"end":{"line":254,"column":5}},"type":"if","locations":[{"start":{"line":236,"column":4},"end":{"line":254,"column":5}},{"start":{"line":236,"column":4},"end":{"line":254,"column":5}}],"line":236},"15":{"loc":{"start":{"line":243,"column":6},"end":{"line":249,"column":7}},"type":"if","locations":[{"start":{"line":243,"column":6},"end":{"line":249,"column":7}},{"start":{"line":243,"column":6},"end":{"line":249,"column":7}}],"line":243},"16":{"loc":{"start":{"line":245,"column":10},"end":{"line":247,"column":11}},"type":"if","locations":[{"start":{"line":245,"column":10},"end":{"line":247,"column":11}},{"start":{"line":245,"column":10},"end":{"line":247,"column":11}}],"line":245},"17":{"loc":{"start":{"line":257,"column":4},"end":{"line":261,"column":5}},"type":"if","locations":[{"start":{"line":257,"column":4},"end":{"line":261,"column":5}},{"start":{"line":257,"column":4},"end":{"line":261,"column":5}}],"line":257}},"s":{"0":1,"1":1,"2":1,"3":1,"4":0,"5":0,"6":0,"7":0,"8":0,"9":0,"10":0,"11":0,"12":0,"13":0,"14":0,"15":0,"16":0,"17":0,"18":0,"19":0,"20":0,"21":0,"22":0,"23":0,"24":0,"25":0,"26":0,"27":0,"28":0,"29":0,"30":0,"31":0,"32":0,"33":0,"34":0,"35":0,"36":0,"37":0,"38":0,"39":0,"40":0,"41":0,"42":0,"43":1,"44":0,"45":1,"46":0,"47":0,"48":0,"49":0,"50":0,"51":0,"52":0,"53":0,"54":0,"55":1,"56":0,"57":0,"58":0,"59":0,"60":1,"61":0,"62":0,"63":1,"64":0,"65":0,"66":0,"67":0,"68":0,"69":0,"70":0,"71":0,"72":0,"73":0,"74":0,"75":0,"76":0,"77":0,"78":0,"79":0,"80":0,"81":0,"82":0,"83":0,"84":0,"85":0,"86":0,"87":0,"88":0,"89":0,"90":0,"91":0,"92":0,"93":0,"94":0,"95":0,"96":0,"97":0,"98":0,"99":0,"100":0,"101":0,"102":0,"103":0,"104":0,"105":0,"106":0,"107":0,"108":0,"109":0,"110":0,"111":0,"112":0,"113":0,"114":0,"115":0,"116":0,"117":0,"118":0,"119":1,"120":0,"121":0,"122":0,"123":0,"124":0,"125":0,"126":0,"127":0,"128":0,"129":0,"130":0,"131":0,"132":0,"133":0,"134":1},"f":{"0":1,"1":0,"2":0,"3":0,"4":0,"5":0,"6":0,"7":0,"8":0,"9":0,"10":0,"11":0,"12":0,"13":0,"14":0,"15":0,"16":0,"17":0,"18":0,"19":0,"20":0,"21":0,"22":0,"23":0,"24":0,"25":0,"26":0,"27":0,"28":0,"29":0,"30":0,"31":0,"32":0,"33":0,"34":0,"35":0,"36":0,"37":0,"38":0,"39":0,"40":0,"41":0,"42":0,"43":0,"44":0,"45":0,"46":0,"47":0,"48":0,"49":0,"50":0,"51":0,"52":0,"53":0,"54":0},"b":{"0":[1,0],"1":[1,1],"2":[0,0],"3":[0,0],"4":[0,0],"5":[0,0],"6":[0,0],"7":[0,0],"8":[0,0],"9":[0,0],"10":[0,0],"11":[0,0],"12":[0,0],"13":[0,0],"14":[0,0],"15":[0,0],"16":[0,0],"17":[0,0]},"_coverageSchema":"43e27e138ebf9cfc5966b082cf9a028302ed4184","hash":"9c687dc278cae8fe42a1ed93914e3432d5333286"}
}
