{"/Users/sunyi/Documents/opensource/idb-managed/src/db_wrapper.ts": {"path":"/Users/sunyi/Documents/opensource/idb-managed/src/db_wrapper.ts","statementMap":{"0":{"start":{"line":4,"column":0},"end":{"line":4,"column":67}},"1":{"start":{"line":13,"column":28},"end":{"line":13,"column":29}},"2":{"start":{"line":14,"column":28},"end":{"line":14,"column":44}},"3":{"start":{"line":15,"column":34},"end":{"line":15,"column":53}},"4":{"start":{"line":16,"column":40},"end":{"line":16,"column":48}},"5":{"start":{"line":17,"column":27},"end":{"line":17,"column":39}},"6":{"start":{"line":18,"column":27},"end":{"line":18,"column":39}},"7":{"start":{"line":36,"column":8},"end":{"line":36,"column":18}},"8":{"start":{"line":37,"column":4},"end":{"line":50,"column":null}},"9":{"start":{"line":38,"column":8},"end":{"line":38,"column":43}},"10":{"start":{"line":39,"column":11},"end":{"line":50,"column":null}},"11":{"start":{"line":40,"column":8},"end":{"line":45,"column":10}},"12":{"start":{"line":46,"column":11},"end":{"line":50,"column":null}},"13":{"start":{"line":47,"column":8},"end":{"line":47,"column":66}},"14":{"start":{"line":49,"column":8},"end":{"line":49,"column":66}},"15":{"start":{"line":54,"column":24},"end":{"line":54,"column":34}},"16":{"start":{"line":55,"column":4},"end":{"line":63,"column":null}},"17":{"start":{"line":68,"column":4},"end":{"line":76,"column":null}},"18":{"start":{"line":69,"column":8},"end":{"line":69,"column":20}},"19":{"start":{"line":70,"column":11},"end":{"line":76,"column":null}},"20":{"start":{"line":71,"column":8},"end":{"line":71,"column":20}},"21":{"start":{"line":73,"column":8},"end":{"line":73,"column":31}},"22":{"start":{"line":74,"column":8},"end":{"line":74,"column":31}},"23":{"start":{"line":75,"column":8},"end":{"line":75,"column":20}},"24":{"start":{"line":80,"column":22},"end":{"line":80,"column":43}},"25":{"start":{"line":81,"column":33},"end":{"line":84,"column":null}},"26":{"start":{"line":86,"column":4},"end":{"line":109,"column":null}},"27":{"start":{"line":88,"column":8},"end":{"line":88,"column":15}},"28":{"start":{"line":91,"column":27},"end":{"line":93,"column":null}},"29":{"start":{"line":95,"column":22},"end":{"line":95,"column":71}},"30":{"start":{"line":96,"column":40},"end":{"line":100,"column":10}},"31":{"start":{"line":101,"column":8},"end":{"line":106,"column":10}},"32":{"start":{"line":107,"column":8},"end":{"line":107,"column":30}},"33":{"start":{"line":108,"column":8},"end":{"line":108,"column":26}},"34":{"start":{"line":113,"column":22},"end":{"line":113,"column":43}},"35":{"start":{"line":114,"column":24},"end":{"line":116,"column":null}},"36":{"start":{"line":118,"column":18},"end":{"line":118,"column":68}},"37":{"start":{"line":119,"column":4},"end":{"line":119,"column":25}},"38":{"start":{"line":120,"column":4},"end":{"line":120,"column":27}},"39":{"start":{"line":121,"column":4},"end":{"line":121,"column":22}},"40":{"start":{"line":125,"column":4},"end":{"line":125,"column":38}},"41":{"start":{"line":126,"column":15},"end":{"line":134,"column":6}},"42":{"start":{"line":128,"column":12},"end":{"line":132,"column":14}},"43":{"start":{"line":135,"column":4},"end":{"line":135,"column":14}},"44":{"start":{"line":139,"column":4},"end":{"line":144,"column":7}},"45":{"start":{"line":142,"column":12},"end":{"line":142,"column":47}},"46":{"start":{"line":148,"column":22},"end":{"line":148,"column":43}},"47":{"start":{"line":149,"column":33},"end":{"line":152,"column":null}},"48":{"start":{"line":154,"column":4},"end":{"line":154,"column":22}},"49":{"start":{"line":155,"column":4},"end":{"line":173,"column":null}},"50":{"start":{"line":156,"column":19},"end":{"line":168,"column":null}},"51":{"start":{"line":162,"column":20},"end":{"line":166,"column":22}},"52":{"start":{"line":170,"column":8},"end":{"line":170,"column":18}},"53":{"start":{"line":172,"column":8},"end":{"line":172,"column":20}},"54":{"start":{"line":181,"column":4},"end":{"line":190,"column":null}},"55":{"start":{"line":182,"column":22},"end":{"line":182,"column":59}},"56":{"start":{"line":183,"column":22},"end":{"line":183,"column":50}},"57":{"start":{"line":184,"column":30},"end":{"line":185,"column":null}},"58":{"start":{"line":187,"column":8},"end":{"line":187,"column":42}},"59":{"start":{"line":189,"column":8},"end":{"line":189,"column":20}},"60":{"start":{"line":194,"column":4},"end":{"line":196,"column":7}},"61":{"start":{"line":204,"column":4},"end":{"line":273,"column":null}},"62":{"start":{"line":205,"column":8},"end":{"line":270,"column":11}},"63":{"start":{"line":207,"column":12},"end":{"line":269,"column":null}},"64":{"start":{"line":212,"column":37},"end":{"line":213,"column":null}},"65":{"start":{"line":216,"column":16},"end":{"line":230,"column":18}},"66":{"start":{"line":218,"column":24},"end":{"line":228,"column":null}},"67":{"start":{"line":223,"column":28},"end":{"line":227,"column":30}},"68":{"start":{"line":233,"column":40},"end":{"line":233,"column":70}},"69":{"start":{"line":234,"column":38},"end":{"line":240,"column":null}},"70":{"start":{"line":244,"column":16},"end":{"line":246,"column":19}},"71":{"start":{"line":248,"column":16},"end":{"line":256,"column":18}},"72":{"start":{"line":250,"column":24},"end":{"line":254,"column":26}},"73":{"start":{"line":258,"column":16},"end":{"line":262,"column":18}},"74":{"start":{"line":264,"column":16},"end":{"line":268,"column":18}},"75":{"start":{"line":272,"column":8},"end":{"line":272,"column":26}},"76":{"start":{"line":277,"column":24},"end":{"line":279,"column":6}},"77":{"start":{"line":278,"column":8},"end":{"line":278,"column":66}},"78":{"start":{"line":280,"column":41},"end":{"line":281,"column":null}},"79":{"start":{"line":281,"column":51},"end":{"line":281,"column":76}},"80":{"start":{"line":283,"column":29},"end":{"line":283,"column":76}},"81":{"start":{"line":284,"column":4},"end":{"line":317,"column":null}},"82":{"start":{"line":285,"column":8},"end":{"line":300,"column":null}},"83":{"start":{"line":286,"column":46},"end":{"line":286,"column":61}},"84":{"start":{"line":287,"column":26},"end":{"line":287,"column":65}},"85":{"start":{"line":288,"column":12},"end":{"line":299,"column":null}},"86":{"start":{"line":289,"column":16},"end":{"line":289,"column":36}},"87":{"start":{"line":291,"column":28},"end":{"line":291,"column":61}},"88":{"start":{"line":292,"column":29},"end":{"line":293,"column":null}},"89":{"start":{"line":295,"column":16},"end":{"line":298,"column":null}},"90":{"start":{"line":296,"column":20},"end":{"line":296,"column":52}},"91":{"start":{"line":297,"column":20},"end":{"line":297,"column":53}},"92":{"start":{"line":301,"column":8},"end":{"line":301,"column":36}},"93":{"start":{"line":302,"column":8},"end":{"line":302,"column":19}},"94":{"start":{"line":304,"column":8},"end":{"line":304,"column":19}},"95":{"start":{"line":306,"column":8},"end":{"line":310,"column":null}},"96":{"start":{"line":307,"column":12},"end":{"line":307,"column":37}},"97":{"start":{"line":311,"column":8},"end":{"line":316,"column":null}},"98":{"start":{"line":313,"column":12},"end":{"line":313,"column":40}},"99":{"start":{"line":315,"column":12},"end":{"line":315,"column":25}},"100":{"start":{"line":321,"column":41},"end":{"line":322,"column":null}},"101":{"start":{"line":322,"column":34},"end":{"line":322,"column":48}},"102":{"start":{"line":324,"column":4},"end":{"line":336,"column":6}},"103":{"start":{"line":327,"column":12},"end":{"line":334,"column":14}},"104":{"start":{"line":337,"column":15},"end":{"line":337,"column":37}},"105":{"start":{"line":338,"column":26},"end":{"line":338,"column":73}},"106":{"start":{"line":339,"column":4},"end":{"line":360,"column":null}},"107":{"start":{"line":340,"column":8},"end":{"line":343,"column":11}},"108":{"start":{"line":341,"column":26},"end":{"line":341,"column":67}},"109":{"start":{"line":342,"column":12},"end":{"line":342,"column":41}},"110":{"start":{"line":344,"column":8},"end":{"line":344,"column":33}},"111":{"start":{"line":345,"column":8},"end":{"line":345,"column":19}},"112":{"start":{"line":347,"column":8},"end":{"line":347,"column":19}},"113":{"start":{"line":349,"column":8},"end":{"line":353,"column":null}},"114":{"start":{"line":350,"column":12},"end":{"line":350,"column":34}},"115":{"start":{"line":354,"column":8},"end":{"line":359,"column":null}},"116":{"start":{"line":356,"column":12},"end":{"line":356,"column":37}},"117":{"start":{"line":358,"column":12},"end":{"line":358,"column":25}},"118":{"start":{"line":320,"column":0},"end":{"line":320,"column":22}},"119":{"start":{"line":368,"column":15},"end":{"line":368,"column":35}},"120":{"start":{"line":369,"column":4},"end":{"line":384,"column":null}},"121":{"start":{"line":370,"column":8},"end":{"line":381,"column":null}},"122":{"start":{"line":371,"column":25},"end":{"line":374,"column":null}},"123":{"start":{"line":376,"column":12},"end":{"line":376,"column":23}},"124":{"start":{"line":377,"column":12},"end":{"line":377,"column":24}},"125":{"start":{"line":379,"column":12},"end":{"line":379,"column":23}},"126":{"start":{"line":380,"column":12},"end":{"line":380,"column":20}},"127":{"start":{"line":383,"column":8},"end":{"line":383,"column":20}},"128":{"start":{"line":363,"column":0},"end":{"line":363,"column":22}},"129":{"start":{"line":391,"column":38},"end":{"line":391,"column":53}},"130":{"start":{"line":392,"column":15},"end":{"line":392,"column":35}},"131":{"start":{"line":393,"column":4},"end":{"line":425,"column":null}},"132":{"start":{"line":394,"column":8},"end":{"line":422,"column":null}},"133":{"start":{"line":395,"column":31},"end":{"line":395,"column":33}},"134":{"start":{"line":396,"column":12},"end":{"line":416,"column":null}},"135":{"start":{"line":399,"column":30},"end":{"line":399,"column":67}},"136":{"start":{"line":400,"column":30},"end":{"line":400,"column":58}},"137":{"start":{"line":402,"column":16},"end":{"line":415,"column":null}},"138":{"start":{"line":403,"column":39},"end":{"line":403,"column":59}},"139":{"start":{"line":404,"column":20},"end":{"line":404,"column":68}},"140":{"start":{"line":406,"column":32},"end":{"line":406,"column":65}},"141":{"start":{"line":407,"column":33},"end":{"line":408,"column":null}},"142":{"start":{"line":410,"column":20},"end":{"line":414,"column":null}},"143":{"start":{"line":411,"column":35},"end":{"line":411,"column":62}},"144":{"start":{"line":412,"column":24},"end":{"line":412,"column":49}},"145":{"start":{"line":413,"column":24},"end":{"line":413,"column":57}},"146":{"start":{"line":417,"column":12},"end":{"line":417,"column":23}},"147":{"start":{"line":418,"column":12},"end":{"line":418,"column":25}},"148":{"start":{"line":420,"column":12},"end":{"line":420,"column":23}},"149":{"start":{"line":421,"column":12},"end":{"line":421,"column":20}},"150":{"start":{"line":424,"column":8},"end":{"line":424,"column":18}},"151":{"start":{"line":387,"column":0},"end":{"line":387,"column":22}},"152":{"start":{"line":429,"column":4},"end":{"line":429,"column":40}},"153":{"start":{"line":430,"column":4},"end":{"line":430,"column":30}},"154":{"start":{"line":428,"column":0},"end":{"line":428,"column":22}},"155":{"start":{"line":437,"column":15},"end":{"line":437,"column":35}},"156":{"start":{"line":438,"column":4},"end":{"line":443,"column":null}},"157":{"start":{"line":439,"column":8},"end":{"line":439,"column":54}},"158":{"start":{"line":442,"column":8},"end":{"line":442,"column":15}},"159":{"start":{"line":433,"column":0},"end":{"line":433,"column":22}},"160":{"start":{"line":446,"column":0},"end":{"line":452,"column":2}}},"fnMap":{"0":{"name":"indexRange2DBKey","decl":{"start":{"line":29,"column":9},"end":{"line":29,"column":25}},"loc":{"start":{"line":29,"column":48},"end":{"line":51,"column":1}}},"1":{"name":"itemWrapper","decl":{"start":{"line":53,"column":9},"end":{"line":53,"column":20}},"loc":{"start":{"line":53,"column":43},"end":{"line":65,"column":1}}},"2":{"name":"itemUnwrapper","decl":{"start":{"line":67,"column":9},"end":{"line":67,"column":22}},"loc":{"start":{"line":67,"column":40},"end":{"line":77,"column":1}}},"3":{"name":"registerDBInManager","decl":{"start":{"line":79,"column":15},"end":{"line":79,"column":34}},"loc":{"start":{"line":79,"column":45},"end":{"line":110,"column":null}}},"4":{"name":"unregisterDBInManager","decl":{"start":{"line":112,"column":15},"end":{"line":112,"column":36}},"loc":{"start":{"line":112,"column":51},"end":{"line":122,"column":null}}},"5":{"name":"createDB","decl":{"start":{"line":124,"column":15},"end":{"line":124,"column":23}},"loc":{"start":{"line":124,"column":34},"end":{"line":136,"column":null}}},"6":{"name":"(anonymous_16)","decl":{"start":{"line":127,"column":8},"end":{"line":127,"column":15}},"loc":{"start":{"line":127,"column":62},"end":{"line":133,"column":9}}},"7":{"name":"openDBManager","decl":{"start":{"line":138,"column":15},"end":{"line":138,"column":28}},"loc":{"start":{"line":138,"column":28},"end":{"line":145,"column":null}}},"8":{"name":"(anonymous_19)","decl":{"start":{"line":141,"column":8},"end":{"line":141,"column":15}},"loc":{"start":{"line":141,"column":25},"end":{"line":143,"column":9}}},"9":{"name":"openDB","decl":{"start":{"line":147,"column":15},"end":{"line":147,"column":21}},"loc":{"start":{"line":147,"column":36},"end":{"line":174,"column":null}}},"10":{"name":"(anonymous_22)","decl":{"start":{"line":161,"column":16},"end":{"line":161,"column":23}},"loc":{"start":{"line":161,"column":70},"end":{"line":167,"column":17}}},"11":{"name":"getItemFromDB","decl":{"start":{"line":176,"column":15},"end":{"line":176,"column":28}},"loc":{"start":{"line":179,"column":24},"end":{"line":191,"column":null}}},"12":{"name":"upgradeDBManager","decl":{"start":{"line":193,"column":9},"end":{"line":193,"column":25}},"loc":{"start":{"line":193,"column":48},"end":{"line":197,"column":1}}},"13":{"name":"upgradeDBWithTableList","decl":{"start":{"line":199,"column":9},"end":{"line":199,"column":31}},"loc":{"start":{"line":202,"column":20},"end":{"line":274,"column":1}}},"14":{"name":"(anonymous_27)","decl":{"start":{"line":205,"column":26},"end":{"line":205,"column":37}},"loc":{"start":{"line":205,"column":40},"end":{"line":270,"column":9}}},"15":{"name":"(anonymous_28)","decl":{"start":{"line":217,"column":20},"end":{"line":217,"column":21}},"loc":{"start":{"line":217,"column":47},"end":{"line":229,"column":21}}},"16":{"name":"(anonymous_29)","decl":{"start":{"line":249,"column":20},"end":{"line":249,"column":21}},"loc":{"start":{"line":249,"column":47},"end":{"line":255,"column":21}}},"17":{"name":"deleteItemsFromDB","decl":{"start":{"line":276,"column":15},"end":{"line":276,"column":32}},"loc":{"start":{"line":276,"column":77},"end":{"line":318,"column":null}}},"18":{"name":"(anonymous_32)","decl":{"start":{"line":277,"column":48},"end":{"line":277,"column":58}},"loc":{"start":{"line":277,"column":61},"end":{"line":279,"column":5}}},"19":{"name":"(anonymous_33)","decl":{"start":{"line":281,"column":32},"end":{"line":281,"column":47}},"loc":{"start":{"line":281,"column":51},"end":{"line":281,"column":76}}},"20":{"name":"addItems","decl":{"start":{"line":320,"column":22},"end":{"line":320,"column":30}},"loc":{"start":{"line":320,"column":62},"end":{"line":361,"column":null}}},"21":{"name":"(anonymous_36)","decl":{"start":{"line":322,"column":26},"end":{"line":322,"column":30}},"loc":{"start":{"line":322,"column":34},"end":{"line":322,"column":48}}},"22":{"name":"(anonymous_37)","decl":{"start":{"line":326,"column":31},"end":{"line":326,"column":40}},"loc":{"start":{"line":326,"column":43},"end":{"line":335,"column":9}}},"23":{"name":"(anonymous_38)","decl":{"start":{"line":340,"column":22},"end":{"line":340,"column":26}},"loc":{"start":{"line":340,"column":29},"end":{"line":343,"column":9}}},"24":{"name":"getItem","decl":{"start":{"line":363,"column":22},"end":{"line":363,"column":29}},"loc":{"start":{"line":366,"column":24},"end":{"line":385,"column":null}}},"25":{"name":"getItemsInRange","decl":{"start":{"line":387,"column":22},"end":{"line":387,"column":37}},"loc":{"start":{"line":389,"column":36},"end":{"line":426,"column":null}}},"26":{"name":"deleteDB","decl":{"start":{"line":428,"column":22},"end":{"line":428,"column":30}},"loc":{"start":{"line":428,"column":45},"end":{"line":431,"column":null}}},"27":{"name":"deleteItems","decl":{"start":{"line":433,"column":22},"end":{"line":433,"column":33}},"loc":{"start":{"line":435,"column":39},"end":{"line":444,"column":null}}}},"branchMap":{"0":{"loc":{"start":{"line":34,"column":25},"end":{"line":34,"column":30}},"type":"default-arg","locations":[{"start":{"line":34,"column":25},"end":{"line":34,"column":30}}]},"1":{"loc":{"start":{"line":35,"column":25},"end":{"line":35,"column":30}},"type":"default-arg","locations":[{"start":{"line":35,"column":25},"end":{"line":35,"column":30}}]},"2":{"loc":{"start":{"line":37,"column":4},"end":{"line":50,"column":null}},"type":"if","locations":[{"start":{"line":37,"column":4},"end":{"line":50,"column":null}},{"start":{"line":37,"column":4},"end":{"line":50,"column":null}}]},"3":{"loc":{"start":{"line":39,"column":11},"end":{"line":50,"column":null}},"type":"if","locations":[{"start":{"line":39,"column":11},"end":{"line":50,"column":null}},{"start":{"line":39,"column":11},"end":{"line":50,"column":null}}]},"4":{"loc":{"start":{"line":39,"column":15},"end":{"line":39,"column":39}},"type":"binary-expr","locations":[{"start":{"line":39,"column":15},"end":{"line":39,"column":39}},{"start":{"line":39,"column":43},"end":{"line":39,"column":67}}]},"5":{"loc":{"start":{"line":46,"column":11},"end":{"line":50,"column":null}},"type":"if","locations":[{"start":{"line":46,"column":11},"end":{"line":50,"column":null}},{"start":{"line":46,"column":11},"end":{"line":50,"column":null}}]},"6":{"loc":{"start":{"line":61,"column":22},"end":{"line":61,"column":59}},"type":"cond-expr","locations":[{"start":{"line":61,"column":22},"end":{"line":61,"column":59}},{"start":{"line":62,"column":22},"end":{"line":62,"column":24}}]},"7":{"loc":{"start":{"line":68,"column":4},"end":{"line":76,"column":null}},"type":"if","locations":[{"start":{"line":68,"column":4},"end":{"line":76,"column":null}},{"start":{"line":68,"column":4},"end":{"line":76,"column":null}}]},"8":{"loc":{"start":{"line":70,"column":11},"end":{"line":76,"column":null}},"type":"if","locations":[{"start":{"line":70,"column":11},"end":{"line":76,"column":null}},{"start":{"line":70,"column":11},"end":{"line":76,"column":null}}]},"9":{"loc":{"start":{"line":70,"column":15},"end":{"line":70,"column":34}},"type":"binary-expr","locations":[{"start":{"line":70,"column":15},"end":{"line":70,"column":34}},{"start":{"line":70,"column":38},"end":{"line":70,"column":66}}]},"10":{"loc":{"start":{"line":86,"column":4},"end":{"line":109,"column":null}},"type":"if","locations":[{"start":{"line":86,"column":4},"end":{"line":109,"column":null}},{"start":{"line":86,"column":4},"end":{"line":109,"column":null}}]},"11":{"loc":{"start":{"line":86,"column":8},"end":{"line":86,"column":26}},"type":"binary-expr","locations":[{"start":{"line":86,"column":8},"end":{"line":86,"column":26}},{"start":{"line":86,"column":30},"end":{"line":86,"column":74}}]},"12":{"loc":{"start":{"line":155,"column":4},"end":{"line":173,"column":null}},"type":"if","locations":[{"start":{"line":155,"column":4},"end":{"line":173,"column":null}},{"start":{"line":155,"column":4},"end":{"line":173,"column":null}}]},"13":{"loc":{"start":{"line":164,"column":24},"end":{"line":164,"column":52}},"type":"binary-expr","locations":[{"start":{"line":164,"column":24},"end":{"line":164,"column":52}},{"start":{"line":164,"column":56},"end":{"line":164,"column":58}}]},"14":{"loc":{"start":{"line":181,"column":4},"end":{"line":190,"column":null}},"type":"if","locations":[{"start":{"line":181,"column":4},"end":{"line":190,"column":null}},{"start":{"line":181,"column":4},"end":{"line":190,"column":null}}]},"15":{"loc":{"start":{"line":207,"column":12},"end":{"line":269,"column":null}},"type":"if","locations":[{"start":{"line":207,"column":12},"end":{"line":269,"column":null}},{"start":{"line":207,"column":12},"end":{"line":269,"column":null}}]},"16":{"loc":{"start":{"line":216,"column":17},"end":{"line":216,"column":38}},"type":"binary-expr","locations":[{"start":{"line":216,"column":17},"end":{"line":216,"column":38}},{"start":{"line":216,"column":42},"end":{"line":216,"column":44}}]},"17":{"loc":{"start":{"line":218,"column":24},"end":{"line":228,"column":null}},"type":"if","locations":[{"start":{"line":218,"column":24},"end":{"line":228,"column":null}},{"start":{"line":218,"column":24},"end":{"line":228,"column":null}}]},"18":{"loc":{"start":{"line":233,"column":40},"end":{"line":233,"column":62}},"type":"binary-expr","locations":[{"start":{"line":233,"column":40},"end":{"line":233,"column":62}},{"start":{"line":233,"column":66},"end":{"line":233,"column":70}}]},"19":{"loc":{"start":{"line":239,"column":30},"end":{"line":239,"column":53}},"type":"cond-expr","locations":[{"start":{"line":239,"column":30},"end":{"line":239,"column":53}},{"start":{"line":240,"column":30},"end":{"line":240,"column":32}}]},"20":{"loc":{"start":{"line":248,"column":17},"end":{"line":248,"column":38}},"type":"binary-expr","locations":[{"start":{"line":248,"column":17},"end":{"line":248,"column":38}},{"start":{"line":248,"column":42},"end":{"line":248,"column":44}}]},"21":{"loc":{"start":{"line":288,"column":12},"end":{"line":299,"column":null}},"type":"if","locations":[{"start":{"line":288,"column":12},"end":{"line":299,"column":null}},{"start":{"line":288,"column":12},"end":{"line":299,"column":null}}]},"22":{"loc":{"start":{"line":369,"column":4},"end":{"line":384,"column":null}},"type":"if","locations":[{"start":{"line":369,"column":4},"end":{"line":384,"column":null}},{"start":{"line":369,"column":4},"end":{"line":384,"column":null}}]},"23":{"loc":{"start":{"line":393,"column":4},"end":{"line":425,"column":null}},"type":"if","locations":[{"start":{"line":393,"column":4},"end":{"line":425,"column":null}},{"start":{"line":393,"column":4},"end":{"line":425,"column":null}}]},"24":{"loc":{"start":{"line":396,"column":12},"end":{"line":416,"column":null}},"type":"if","locations":[{"start":{"line":396,"column":12},"end":{"line":416,"column":null}},{"start":{"line":396,"column":12},"end":{"line":416,"column":null}}]},"25":{"loc":{"start":{"line":402,"column":16},"end":{"line":415,"column":null}},"type":"if","locations":[{"start":{"line":402,"column":16},"end":{"line":415,"column":null}},{"start":{"line":402,"column":16},"end":{"line":415,"column":null}}]},"26":{"loc":{"start":{"line":404,"column":29},"end":{"line":404,"column":41}},"type":"binary-expr","locations":[{"start":{"line":404,"column":29},"end":{"line":404,"column":41}},{"start":{"line":404,"column":45},"end":{"line":404,"column":47}}]},"27":{"loc":{"start":{"line":412,"column":24},"end":{"line":412,"column":28}},"type":"binary-expr","locations":[{"start":{"line":412,"column":24},"end":{"line":412,"column":28}},{"start":{"line":412,"column":32},"end":{"line":412,"column":48}}]},"28":{"loc":{"start":{"line":438,"column":4},"end":{"line":443,"column":null}},"type":"if","locations":[{"start":{"line":438,"column":4},"end":{"line":443,"column":null}},{"start":{"line":438,"column":4},"end":{"line":443,"column":null}}]}},"s":{"0":1,"1":1,"2":1,"3":1,"4":1,"5":1,"6":1,"7":2,"8":2,"9":1,"10":1,"11":0,"12":1,"13":0,"14":1,"15":5,"16":5,"17":13,"18":5,"19":8,"20":0,"21":8,"22":8,"23":8,"24":2,"25":2,"26":2,"27":0,"28":2,"29":2,"30":2,"31":2,"32":2,"33":2,"34":1,"35":1,"36":1,"37":1,"38":1,"39":1,"40":2,"41":2,"42":2,"43":2,"44":10,"45":1,"46":7,"47":7,"48":7,"49":7,"50":4,"51":0,"52":4,"53":3,"54":10,"55":10,"56":10,"57":10,"58":10,"59":0,"60":1,"61":2,"62":2,"63":2,"64":0,"65":0,"66":0,"67":0,"68":2,"69":2,"70":2,"71":2,"72":2,"73":2,"74":2,"75":0,"76":1,"77":1,"78":1,"79":1,"80":1,"81":1,"82":1,"83":1,"84":1,"85":1,"86":0,"87":1,"88":1,"89":1,"90":1,"91":1,"92":1,"93":1,"94":0,"95":0,"96":0,"97":0,"98":0,"99":0,"100":2,"101":3,"102":2,"103":2,"104":2,"105":2,"106":2,"107":2,"108":3,"109":3,"110":2,"111":2,"112":0,"113":0,"114":0,"115":0,"116":0,"117":0,"118":1,"119":1,"120":1,"121":1,"122":1,"123":1,"124":1,"125":0,"126":0,"127":0,"128":1,"129":3,"130":3,"131":3,"132":2,"133":2,"134":2,"135":2,"136":2,"137":2,"138":1,"139":1,"140":1,"141":1,"142":1,"143":2,"144":2,"145":2,"146":2,"147":2,"148":0,"149":0,"150":1,"151":1,"152":1,"153":1,"154":1,"155":3,"156":3,"157":1,"158":2,"159":1,"160":1},"f":{"0":2,"1":5,"2":13,"3":2,"4":1,"5":2,"6":2,"7":10,"8":1,"9":7,"10":0,"11":10,"12":1,"13":2,"14":2,"15":0,"16":2,"17":1,"18":1,"19":1,"20":2,"21":3,"22":2,"23":3,"24":1,"25":3,"26":1,"27":3},"b":{"0":[2],"1":[1],"2":[1,1],"3":[0,1],"4":[1,0],"5":[0,1],"6":[3,2],"7":[5,8],"8":[0,8],"9":[8,4],"10":[0,2],"11":[2,0],"12":[4,3],"13":[0,0],"14":[10,0],"15":[0,2],"16":[0,0],"17":[0,0],"18":[2,0],"19":[0,2],"20":[2,0],"21":[0,1],"22":[1,0],"23":[2,1],"24":[0,2],"25":[1,1],"26":[1,0],"27":[2,2],"28":[1,2]}}
,"/Users/sunyi/Documents/opensource/idb-managed/src/index.ts": {"path":"/Users/sunyi/Documents/opensource/idb-managed/src/index.ts","statementMap":{"0":{"start":{"line":1,"column":0},"end":{"line":1,"column":48}},"1":{"start":{"line":2,"column":0},"end":{"line":2,"column":37}},"2":{"start":{"line":3,"column":0},"end":{"line":3,"column":79}},"3":{"start":{"line":12,"column":35},"end":{"line":12,"column":36}},"4":{"start":{"line":13,"column":17},"end":{"line":13,"column":21}},"5":{"start":{"line":15,"column":4},"end":{"line":20,"column":6}},"6":{"start":{"line":21,"column":4},"end":{"line":21,"column":80}},"7":{"start":{"line":22,"column":4},"end":{"line":27,"column":6}},"8":{"start":{"line":28,"column":4},"end":{"line":33,"column":6}},"9":{"start":{"line":34,"column":4},"end":{"line":39,"column":6}},"10":{"start":{"line":40,"column":4},"end":{"line":74,"column":7}},"11":{"start":{"line":41,"column":28},"end":{"line":41,"column":55}},"12":{"start":{"line":42,"column":8},"end":{"line":47,"column":10}},"13":{"start":{"line":48,"column":8},"end":{"line":53,"column":10}},"14":{"start":{"line":54,"column":8},"end":{"line":59,"column":10}},"15":{"start":{"line":60,"column":8},"end":{"line":73,"column":11}},"16":{"start":{"line":61,"column":12},"end":{"line":66,"column":14}},"17":{"start":{"line":67,"column":12},"end":{"line":72,"column":14}},"18":{"start":{"line":81,"column":4},"end":{"line":81,"column":68}},"19":{"start":{"line":82,"column":4},"end":{"line":108,"column":7}},"20":{"start":{"line":83,"column":8},"end":{"line":88,"column":10}},"21":{"start":{"line":89,"column":8},"end":{"line":94,"column":10}},"22":{"start":{"line":95,"column":25},"end":{"line":96,"column":null}},"23":{"start":{"line":96,"column":21},"end":{"line":96,"column":62}},"24":{"start":{"line":98,"column":8},"end":{"line":107,"column":null}},"25":{"start":{"line":99,"column":12},"end":{"line":99,"column":66}},"26":{"start":{"line":100,"column":15},"end":{"line":107,"column":null}},"27":{"start":{"line":106,"column":12},"end":{"line":106,"column":84}},"28":{"start":{"line":112,"column":4},"end":{"line":117,"column":6}},"29":{"start":{"line":118,"column":4},"end":{"line":123,"column":6}},"30":{"start":{"line":124,"column":4},"end":{"line":129,"column":6}},"31":{"start":{"line":130,"column":4},"end":{"line":154,"column":null}},"32":{"start":{"line":135,"column":12},"end":{"line":135,"column":38}},"33":{"start":{"line":136,"column":8},"end":{"line":141,"column":10}},"34":{"start":{"line":142,"column":8},"end":{"line":147,"column":10}},"35":{"start":{"line":148,"column":8},"end":{"line":153,"column":10}},"36":{"start":{"line":158,"column":4},"end":{"line":163,"column":null}},"37":{"start":{"line":159,"column":8},"end":{"line":159,"column":23}},"38":{"start":{"line":160,"column":8},"end":{"line":160,"column":20}},"39":{"start":{"line":162,"column":8},"end":{"line":162,"column":21}},"40":{"start":{"line":157,"column":0},"end":{"line":157,"column":16}},"41":{"start":{"line":171,"column":8},"end":{"line":171,"column":25}},"42":{"start":{"line":172,"column":8},"end":{"line":172,"column":41}},"43":{"start":{"line":173,"column":8},"end":{"line":173,"column":36}},"44":{"start":{"line":174,"column":8},"end":{"line":174,"column":80}},"45":{"start":{"line":175,"column":8},"end":{"line":180,"column":11}},"46":{"start":{"line":176,"column":12},"end":{"line":178,"column":null}},"47":{"start":{"line":181,"column":8},"end":{"line":181,"column":50}},"48":{"start":{"line":184,"column":38},"end":{"line":196,"column":9}},"49":{"start":{"line":189,"column":12},"end":{"line":195,"column":null}},"50":{"start":{"line":190,"column":16},"end":{"line":190,"column":30}},"51":{"start":{"line":191,"column":19},"end":{"line":195,"column":null}},"52":{"start":{"line":192,"column":16},"end":{"line":192,"column":31}},"53":{"start":{"line":194,"column":16},"end":{"line":194,"column":28}},"54":{"start":{"line":197,"column":8},"end":{"line":197,"column":61}},"55":{"start":{"line":199,"column":34},"end":{"line":213,"column":10}},"56":{"start":{"line":200,"column":42},"end":{"line":201,"column":null}},"57":{"start":{"line":201,"column":25},"end":{"line":201,"column":59}},"58":{"start":{"line":203,"column":12},"end":{"line":211,"column":null}},"59":{"start":{"line":214,"column":8},"end":{"line":221,"column":10}},"60":{"start":{"line":224,"column":8},"end":{"line":224,"column":78}},"61":{"start":{"line":228,"column":8},"end":{"line":228,"column":53}},"62":{"start":{"line":229,"column":8},"end":{"line":229,"column":75}},"63":{"start":{"line":233,"column":8},"end":{"line":238,"column":10}},"64":{"start":{"line":239,"column":8},"end":{"line":241,"column":11}},"65":{"start":{"line":240,"column":12},"end":{"line":240,"column":57}},"66":{"start":{"line":242,"column":8},"end":{"line":242,"column":65}},"67":{"start":{"line":165,"column":0},"end":{"line":165,"column":13}},"68":{"start":{"line":247,"column":4},"end":{"line":247,"column":19}},"69":{"start":{"line":248,"column":4},"end":{"line":248,"column":71}},"70":{"start":{"line":249,"column":4},"end":{"line":249,"column":37}},"71":{"start":{"line":246,"column":0},"end":{"line":246,"column":22}},"72":{"start":{"line":251,"column":0},"end":{"line":255,"column":2}}},"fnMap":{"0":{"name":"_customDBConfigChecker","decl":{"start":{"line":14,"column":9},"end":{"line":14,"column":31}},"loc":{"start":{"line":14,"column":50},"end":{"line":75,"column":1}}},"1":{"name":"(anonymous_8)","decl":{"start":{"line":40,"column":47},"end":{"line":40,"column":56}},"loc":{"start":{"line":40,"column":59},"end":{"line":74,"column":5}}},"2":{"name":"(anonymous_9)","decl":{"start":{"line":60,"column":46},"end":{"line":60,"column":51}},"loc":{"start":{"line":60,"column":54},"end":{"line":73,"column":9}}},"3":{"name":"_customDBAddItemsParamChecker","decl":{"start":{"line":77,"column":9},"end":{"line":77,"column":38}},"loc":{"start":{"line":79,"column":32},"end":{"line":109,"column":1}}},"4":{"name":"(anonymous_11)","decl":{"start":{"line":82,"column":18},"end":{"line":82,"column":29}},"loc":{"start":{"line":82,"column":32},"end":{"line":108,"column":5}}},"5":{"name":"(anonymous_12)","decl":{"start":{"line":96,"column":12},"end":{"line":96,"column":17}},"loc":{"start":{"line":96,"column":21},"end":{"line":96,"column":62}}},"6":{"name":"tableIndexRangeParamChecker","decl":{"start":{"line":111,"column":9},"end":{"line":111,"column":36}},"loc":{"start":{"line":111,"column":69},"end":{"line":155,"column":1}}},"7":{"name":"idbIsSupported","decl":{"start":{"line":157,"column":16},"end":{"line":157,"column":30}},"loc":{"start":{"line":157,"column":30},"end":{"line":164,"column":1}}},"8":{"name":"(anonymous_15)","decl":{"start":{"line":170,"column":4},"end":{"line":170,"column":16}},"loc":{"start":{"line":170,"column":34},"end":{"line":182,"column":5}}},"9":{"name":"(anonymous_16)","decl":{"start":{"line":175,"column":64},"end":{"line":175,"column":73}},"loc":{"start":{"line":175,"column":76},"end":{"line":180,"column":9}}},"10":{"name":"(anonymous_17)","decl":{"start":{"line":183,"column":10},"end":{"line":183,"column":18}},"loc":{"start":{"line":183,"column":38},"end":{"line":222,"column":null}}},"11":{"name":"(anonymous_19)","decl":{"start":{"line":184,"column":38},"end":{"line":184,"column":null}},"loc":{"start":{"line":188,"column":12},"end":{"line":196,"column":9}}},"12":{"name":"(anonymous_20)","decl":{"start":{"line":199,"column":44},"end":{"line":199,"column":48}},"loc":{"start":{"line":199,"column":51},"end":{"line":213,"column":9}}},"13":{"name":"(anonymous_21)","decl":{"start":{"line":201,"column":16},"end":{"line":201,"column":21}},"loc":{"start":{"line":201,"column":25},"end":{"line":201,"column":59}}},"14":{"name":"(anonymous_22)","decl":{"start":{"line":223,"column":10},"end":{"line":223,"column":17}},"loc":{"start":{"line":223,"column":57},"end":{"line":225,"column":null}}},"15":{"name":"(anonymous_24)","decl":{"start":{"line":227,"column":10},"end":{"line":227,"column":25}},"loc":{"start":{"line":227,"column":58},"end":{"line":230,"column":null}}},"16":{"name":"(anonymous_26)","decl":{"start":{"line":232,"column":10},"end":{"line":232,"column":28}},"loc":{"start":{"line":232,"column":64},"end":{"line":243,"column":null}}},"17":{"name":"(anonymous_28)","decl":{"start":{"line":239,"column":33},"end":{"line":239,"column":48}},"loc":{"start":{"line":239,"column":51},"end":{"line":241,"column":9}}},"18":{"name":"deleteDB","decl":{"start":{"line":246,"column":22},"end":{"line":246,"column":30}},"loc":{"start":{"line":246,"column":45},"end":{"line":250,"column":null}}}},"branchMap":{"0":{"loc":{"start":{"line":40,"column":16},"end":{"line":40,"column":31}},"type":"binary-expr","locations":[{"start":{"line":40,"column":16},"end":{"line":40,"column":31}},{"start":{"line":40,"column":35},"end":{"line":40,"column":37}}]},"1":{"loc":{"start":{"line":60,"column":9},"end":{"line":60,"column":30}},"type":"binary-expr","locations":[{"start":{"line":60,"column":9},"end":{"line":60,"column":30}},{"start":{"line":60,"column":34},"end":{"line":60,"column":36}}]},"2":{"loc":{"start":{"line":98,"column":8},"end":{"line":107,"column":null}},"type":"if","locations":[{"start":{"line":98,"column":8},"end":{"line":107,"column":null}},{"start":{"line":98,"column":8},"end":{"line":107,"column":null}}]},"3":{"loc":{"start":{"line":100,"column":15},"end":{"line":107,"column":null}},"type":"if","locations":[{"start":{"line":100,"column":15},"end":{"line":107,"column":null}},{"start":{"line":100,"column":15},"end":{"line":107,"column":null}}]},"4":{"loc":{"start":{"line":101,"column":12},"end":{"line":101,"column":45}},"type":"binary-expr","locations":[{"start":{"line":101,"column":12},"end":{"line":101,"column":45}},{"start":{"line":102,"column":12},"end":{"line":104,"column":17}}]},"5":{"loc":{"start":{"line":130,"column":4},"end":{"line":154,"column":null}},"type":"if","locations":[{"start":{"line":130,"column":4},"end":{"line":154,"column":null}},{"start":{"line":130,"column":4},"end":{"line":154,"column":null}}]},"6":{"loc":{"start":{"line":175,"column":37},"end":{"line":175,"column":52}},"type":"binary-expr","locations":[{"start":{"line":175,"column":37},"end":{"line":175,"column":52}},{"start":{"line":175,"column":56},"end":{"line":175,"column":58}}]},"7":{"loc":{"start":{"line":189,"column":12},"end":{"line":195,"column":null}},"type":"if","locations":[{"start":{"line":189,"column":12},"end":{"line":195,"column":null}},{"start":{"line":189,"column":12},"end":{"line":195,"column":null}}]},"8":{"loc":{"start":{"line":191,"column":19},"end":{"line":195,"column":null}},"type":"if","locations":[{"start":{"line":191,"column":19},"end":{"line":195,"column":null}},{"start":{"line":191,"column":19},"end":{"line":195,"column":null}}]}},"s":{"0":1,"1":1,"2":1,"3":1,"4":1,"5":1,"6":1,"7":1,"8":1,"9":1,"10":1,"11":1,"12":1,"13":1,"14":1,"15":1,"16":1,"17":1,"18":2,"19":2,"20":3,"21":3,"22":3,"23":3,"24":3,"25":0,"26":3,"27":0,"28":4,"29":4,"30":4,"31":4,"32":2,"33":2,"34":2,"35":2,"36":3,"37":3,"38":1,"39":2,"40":1,"41":1,"42":1,"43":1,"44":1,"45":1,"46":1,"47":1,"48":2,"49":3,"50":3,"51":0,"52":0,"53":0,"54":2,"55":2,"56":3,"57":3,"58":3,"59":2,"60":1,"61":3,"62":3,"63":1,"64":1,"65":1,"66":1,"67":1,"68":1,"69":1,"70":1,"71":1,"72":1},"f":{"0":1,"1":1,"2":1,"3":2,"4":3,"5":3,"6":4,"7":3,"8":1,"9":1,"10":2,"11":3,"12":3,"13":3,"14":1,"15":3,"16":1,"17":1,"18":1},"b":{"0":[1,0],"1":[1,0],"2":[0,3],"3":[0,3],"4":[3,3],"5":[2,2],"6":[1,0],"7":[3,0],"8":[0,0]}}
,"/Users/sunyi/Documents/opensource/idb-managed/src/lib/db_env_checker.ts": {"path":"/Users/sunyi/Documents/opensource/idb-managed/src/lib/db_env_checker.ts","statementMap":{"0":{"start":{"line":5,"column":4},"end":{"line":7,"column":null}},"1":{"start":{"line":6,"column":8},"end":{"line":6,"column":78}},"2":{"start":{"line":8,"column":4},"end":{"line":22,"column":null}},"3":{"start":{"line":19,"column":8},"end":{"line":21,"column":null}},"4":{"start":{"line":20,"column":12},"end":{"line":20,"column":70}},"5":{"start":{"line":4,"column":0},"end":{"line":4,"column":null}}},"fnMap":{"0":{"name":"default_1","decl":{"start":{"line":4,"column":0},"end":{"line":4,"column":null}},"loc":{"start":{"line":4,"column":0},"end":{"line":23,"column":1}}}},"branchMap":{"0":{"loc":{"start":{"line":5,"column":4},"end":{"line":7,"column":null}},"type":"if","locations":[{"start":{"line":5,"column":4},"end":{"line":7,"column":null}},{"start":{"line":5,"column":4},"end":{"line":7,"column":null}}]},"1":{"loc":{"start":{"line":19,"column":8},"end":{"line":21,"column":null}},"type":"if","locations":[{"start":{"line":19,"column":8},"end":{"line":21,"column":null}},{"start":{"line":19,"column":8},"end":{"line":21,"column":null}}]},"2":{"loc":{"start":{"line":19,"column":12},"end":{"line":19,"column":44}},"type":"binary-expr","locations":[{"start":{"line":19,"column":12},"end":{"line":19,"column":44}},{"start":{"line":19,"column":48},"end":{"line":19,"column":65}}]}},"s":{"0":4,"1":0,"2":4,"3":18,"4":2,"5":1},"f":{"0":4},"b":{"0":[0,4],"1":[2,16],"2":[18,17]}}
,"/Users/sunyi/Documents/opensource/idb-managed/src/lib/utils.ts": {"path":"/Users/sunyi/Documents/opensource/idb-managed/src/lib/utils.ts","statementMap":{"0":{"start":{"line":5,"column":13},"end":{"line":34,"column":2}},"1":{"start":{"line":12,"column":12},"end":{"line":12,"column":54}},"2":{"start":{"line":18,"column":12},"end":{"line":18,"column":45}},"3":{"start":{"line":24,"column":12},"end":{"line":24,"column":42}},"4":{"start":{"line":30,"column":12},"end":{"line":30,"column":46}},"5":{"start":{"line":36,"column":4},"end":{"line":36,"column":31}},"6":{"start":{"line":35,"column":0},"end":{"line":35,"column":16}},"7":{"start":{"line":39,"column":4},"end":{"line":39,"column":48}},"8":{"start":{"line":38,"column":0},"end":{"line":38,"column":16}},"9":{"start":{"line":47,"column":16},"end":{"line":47,"column":46}},"10":{"start":{"line":48,"column":4},"end":{"line":56,"column":null}},"11":{"start":{"line":49,"column":8},"end":{"line":51,"column":null}},"12":{"start":{"line":50,"column":12},"end":{"line":50,"column":49}},"13":{"start":{"line":53,"column":8},"end":{"line":55,"column":null}},"14":{"start":{"line":54,"column":12},"end":{"line":54,"column":33}},"15":{"start":{"line":41,"column":0},"end":{"line":41,"column":16}}},"fnMap":{"0":{"name":"(anonymous_0)","decl":{"start":{"line":11,"column":14},"end":{"line":11,"column":15}},"loc":{"start":{"line":11,"column":29},"end":{"line":13,"column":9}}},"1":{"name":"(anonymous_1)","decl":{"start":{"line":17,"column":14},"end":{"line":17,"column":15}},"loc":{"start":{"line":17,"column":29},"end":{"line":19,"column":9}}},"2":{"name":"(anonymous_2)","decl":{"start":{"line":23,"column":14},"end":{"line":23,"column":15}},"loc":{"start":{"line":23,"column":29},"end":{"line":25,"column":9}}},"3":{"name":"(anonymous_3)","decl":{"start":{"line":29,"column":14},"end":{"line":29,"column":15}},"loc":{"start":{"line":29,"column":29},"end":{"line":31,"column":9}}},"4":{"name":"isNonNegativeInteger","decl":{"start":{"line":35,"column":16},"end":{"line":35,"column":36}},"loc":{"start":{"line":35,"column":43},"end":{"line":37,"column":1}}},"5":{"name":"optionWithBackup","decl":{"start":{"line":38,"column":16},"end":{"line":38,"column":32}},"loc":{"start":{"line":38,"column":56},"end":{"line":40,"column":1}}},"6":{"name":"paramChecker","decl":{"start":{"line":41,"column":16},"end":{"line":41,"column":28}},"loc":{"start":{"line":45,"column":21},"end":{"line":57,"column":1}}}},"branchMap":{"0":{"loc":{"start":{"line":12,"column":19},"end":{"line":12,"column":24}},"type":"binary-expr","locations":[{"start":{"line":12,"column":19},"end":{"line":12,"column":24}},{"start":{"line":12,"column":28},"end":{"line":12,"column":53}}]},"1":{"loc":{"start":{"line":36,"column":11},"end":{"line":36,"column":20}},"type":"binary-expr","locations":[{"start":{"line":36,"column":11},"end":{"line":36,"column":20}},{"start":{"line":36,"column":24},"end":{"line":36,"column":30}}]},"2":{"loc":{"start":{"line":39,"column":33},"end":{"line":39,"column":38}},"type":"cond-expr","locations":[{"start":{"line":39,"column":33},"end":{"line":39,"column":38}},{"start":{"line":39,"column":41},"end":{"line":39,"column":47}}]},"3":{"loc":{"start":{"line":48,"column":4},"end":{"line":56,"column":null}},"type":"if","locations":[{"start":{"line":48,"column":4},"end":{"line":56,"column":null}},{"start":{"line":48,"column":4},"end":{"line":56,"column":null}}]},"4":{"loc":{"start":{"line":49,"column":8},"end":{"line":51,"column":null}},"type":"if","locations":[{"start":{"line":49,"column":8},"end":{"line":51,"column":null}},{"start":{"line":49,"column":8},"end":{"line":51,"column":null}}]},"5":{"loc":{"start":{"line":49,"column":12},"end":{"line":49,"column":31}},"type":"binary-expr","locations":[{"start":{"line":49,"column":12},"end":{"line":49,"column":31}},{"start":{"line":49,"column":35},"end":{"line":49,"column":55}}]},"6":{"loc":{"start":{"line":53,"column":8},"end":{"line":55,"column":null}},"type":"if","locations":[{"start":{"line":53,"column":8},"end":{"line":55,"column":null}},{"start":{"line":53,"column":8},"end":{"line":55,"column":null}}]}},"s":{"0":1,"1":8,"2":13,"3":4,"4":2,"5":6,"6":1,"7":1,"8":1,"9":38,"10":38,"11":18,"12":0,"13":20,"14":0,"15":1},"f":{"0":8,"1":13,"2":4,"3":2,"4":6,"5":1,"6":38},"b":{"0":[8,8],"1":[6,6],"2":[1,0],"3":[18,20],"4":[0,18],"5":[18,13],"6":[0,20]}}
}
