TN:
SF:/Users/sunyi/Documents/opensource/idb-managed/src/db_wrapper.ts
FN:29,indexRange2DBKey
FN:53,itemWrapper
FN:65,itemUnwrapper
FN:77,registerDBInManager
FN:107,unregisterDBInManager
FN:119,createDB
FN:122,(anonymous_16)
FN:133,openDBManager
FN:136,(anonymous_19)
FN:142,openDB
FN:156,(anonymous_22)
FN:171,getItemFromDB
FN:188,upgradeDBManager
FN:194,upgradeDBWithTableList
FN:200,(anonymous_27)
FN:212,(anonymous_28)
FN:244,(anonymous_29)
FN:271,atomicTrans
FN:292,deleteItemsFromDB
FN:293,(anonymous_34)
FN:297,(anonymous_35)
FN:300,(anonymous_36)
FN:300,(anonymous_37)
FN:321,addItems
FN:323,(anonymous_40)
FN:327,(anonymous_41)
FN:340,(anonymous_42)
FN:340,(anonymous_43)
FN:341,(anonymous_44)
FN:349,getItem
FN:373,getItemsInRange
FN:414,deleteDB
FN:419,deleteItems
FNF:33
FNH:31
FNDA:2,indexRange2DBKey
FNDA:5,itemWrapper
FNDA:13,itemUnwrapper
FNDA:2,registerDBInManager
FNDA:1,unregisterDBInManager
FNDA:2,createDB
FNDA:2,(anonymous_16)
FNDA:10,openDBManager
FNDA:1,(anonymous_19)
FNDA:7,openDB
FNDA:0,(anonymous_22)
FNDA:10,getItemFromDB
FNDA:1,upgradeDBManager
FNDA:2,upgradeDBWithTableList
FNDA:2,(anonymous_27)
FNDA:0,(anonymous_28)
FNDA:2,(anonymous_29)
FNDA:3,atomicTrans
FNDA:1,deleteItemsFromDB
FNDA:1,(anonymous_34)
FNDA:1,(anonymous_35)
FNDA:1,(anonymous_36)
FNDA:1,(anonymous_37)
FNDA:2,addItems
FNDA:3,(anonymous_40)
FNDA:2,(anonymous_41)
FNDA:2,(anonymous_42)
FNDA:2,(anonymous_43)
FNDA:3,(anonymous_44)
FNDA:1,getItem
FNDA:3,getItemsInRange
FNDA:1,deleteDB
FNDA:3,deleteItems
DA:4,1
DA:13,1
DA:14,1
DA:15,1
DA:16,1
DA:17,1
DA:18,1
DA:36,2
DA:37,2
DA:38,1
DA:39,1
DA:40,0
DA:46,1
DA:47,0
DA:49,1
DA:54,5
DA:55,5
DA:66,13
DA:67,5
DA:68,8
DA:69,0
DA:71,8
DA:72,8
DA:73,8
DA:78,2
DA:79,2
DA:84,2
DA:86,2
DA:90,2
DA:91,2
DA:96,2
DA:102,2
DA:103,2
DA:108,1
DA:109,1
DA:113,1
DA:114,1
DA:115,1
DA:116,1
DA:120,2
DA:121,2
DA:123,2
DA:130,2
DA:134,10
DA:137,1
DA:143,7
DA:144,7
DA:149,7
DA:150,7
DA:151,4
DA:157,0
DA:165,4
DA:167,3
DA:176,10
DA:177,10
DA:178,10
DA:179,10
DA:182,10
DA:184,0
DA:189,1
DA:199,2
DA:200,2
DA:202,2
DA:207,0
DA:211,0
DA:213,0
DA:218,0
DA:228,2
DA:229,2
DA:239,2
DA:243,2
DA:245,2
DA:253,2
DA:259,2
DA:267,0
DA:272,3
DA:273,3
DA:276,0
DA:277,0
DA:281,0
DA:283,0
DA:285,0
DA:288,3
DA:293,1
DA:294,1
DA:296,1
DA:297,1
DA:299,1
DA:300,1
DA:301,1
DA:302,1
DA:303,1
DA:304,1
DA:305,0
DA:307,1
DA:308,1
DA:311,1
DA:312,1
DA:313,1
DA:317,1
DA:321,1
DA:322,2
DA:323,3
DA:325,2
DA:328,2
DA:338,2
DA:339,2
DA:340,2
DA:341,2
DA:342,3
DA:343,3
DA:345,2
DA:349,1
DA:354,1
DA:355,1
DA:356,1
DA:357,1
DA:362,1
DA:364,0
DA:366,1
DA:369,0
DA:373,1
DA:377,3
DA:378,3
DA:379,3
DA:380,2
DA:381,2
DA:382,2
DA:385,2
DA:386,2
DA:388,2
DA:389,1
DA:390,1
DA:392,1
DA:393,1
DA:396,1
DA:397,2
DA:398,2
DA:399,2
DA:403,2
DA:405,0
DA:407,2
DA:410,1
DA:414,1
DA:415,1
DA:416,1
DA:419,1
DA:423,3
DA:424,3
DA:425,1
DA:428,2
DA:432,1
LF:152
LH:133
BRDA:34,0,0,2
BRDA:35,1,0,1
BRDA:37,2,0,1
BRDA:37,2,1,1
BRDA:39,3,0,0
BRDA:39,3,1,1
BRDA:39,4,0,1
BRDA:39,4,1,0
BRDA:46,5,0,0
BRDA:46,5,1,1
BRDA:60,6,0,3
BRDA:60,6,1,2
BRDA:66,7,0,5
BRDA:66,7,1,8
BRDA:68,8,0,0
BRDA:68,8,1,8
BRDA:68,9,0,8
BRDA:68,9,1,4
BRDA:84,10,0,2
BRDA:84,10,1,0
BRDA:84,11,0,2
BRDA:84,11,1,0
BRDA:150,12,0,4
BRDA:150,12,1,3
BRDA:159,13,0,0
BRDA:159,13,1,0
BRDA:176,14,0,10
BRDA:176,14,1,0
BRDA:202,15,0,0
BRDA:202,15,1,2
BRDA:211,16,0,0
BRDA:211,16,1,0
BRDA:213,17,0,0
BRDA:213,17,1,0
BRDA:228,18,0,2
BRDA:228,18,1,0
BRDA:234,19,0,0
BRDA:234,19,1,2
BRDA:243,20,0,2
BRDA:243,20,1,0
BRDA:304,21,0,0
BRDA:304,21,1,1
BRDA:355,22,0,1
BRDA:355,22,1,0
BRDA:379,23,0,2
BRDA:379,23,1,1
BRDA:382,24,0,0
BRDA:382,24,1,2
BRDA:388,25,0,1
BRDA:388,25,1,1
BRDA:390,26,0,1
BRDA:390,26,1,0
BRDA:398,27,0,2
BRDA:398,27,1,2
BRDA:424,28,0,1
BRDA:424,28,1,2
BRF:56
BRH:35
end_of_record
TN:
SF:/Users/sunyi/Documents/opensource/idb-managed/src/index.ts
FN:14,_customDBConfigChecker
FN:40,(anonymous_8)
FN:60,(anonymous_9)
FN:77,_customDBAddItemsParamChecker
FN:82,(anonymous_11)
FN:96,(anonymous_12)
FN:111,tableIndexRangeParamChecker
FN:157,idbIsSupported
FN:170,(anonymous_15)
FN:175,(anonymous_16)
FN:183,(anonymous_17)
FN:184,(anonymous_19)
FN:199,(anonymous_20)
FN:201,(anonymous_21)
FN:221,(anonymous_22)
FN:225,(anonymous_24)
FN:230,(anonymous_26)
FN:237,(anonymous_28)
FN:244,deleteDB
FNF:19
FNH:19
FNDA:1,_customDBConfigChecker
FNDA:1,(anonymous_8)
FNDA:1,(anonymous_9)
FNDA:2,_customDBAddItemsParamChecker
FNDA:3,(anonymous_11)
FNDA:3,(anonymous_12)
FNDA:4,tableIndexRangeParamChecker
FNDA:3,idbIsSupported
FNDA:1,(anonymous_15)
FNDA:1,(anonymous_16)
FNDA:2,(anonymous_17)
FNDA:3,(anonymous_19)
FNDA:3,(anonymous_20)
FNDA:3,(anonymous_21)
FNDA:1,(anonymous_22)
FNDA:3,(anonymous_24)
FNDA:1,(anonymous_26)
FNDA:1,(anonymous_28)
FNDA:1,deleteDB
DA:1,1
DA:2,1
DA:3,1
DA:12,1
DA:13,1
DA:15,1
DA:21,1
DA:22,1
DA:28,1
DA:34,1
DA:40,1
DA:41,1
DA:42,1
DA:48,1
DA:54,1
DA:60,1
DA:61,1
DA:67,1
DA:81,2
DA:82,2
DA:83,3
DA:89,3
DA:95,3
DA:96,3
DA:98,3
DA:99,0
DA:100,3
DA:106,0
DA:112,4
DA:118,4
DA:124,4
DA:130,4
DA:135,2
DA:136,2
DA:142,2
DA:148,2
DA:157,1
DA:158,3
DA:159,3
DA:160,1
DA:162,2
DA:165,1
DA:171,1
DA:172,1
DA:173,1
DA:174,1
DA:175,1
DA:176,1
DA:181,1
DA:184,2
DA:189,3
DA:190,3
DA:191,0
DA:192,0
DA:194,0
DA:197,2
DA:199,2
DA:200,3
DA:201,3
DA:203,3
DA:212,2
DA:222,1
DA:226,3
DA:227,3
DA:231,1
DA:237,1
DA:238,1
DA:240,1
DA:244,1
DA:245,1
DA:246,1
DA:247,1
DA:249,1
LF:73
LH:68
BRDA:40,0,0,1
BRDA:40,0,1,0
BRDA:60,1,0,1
BRDA:60,1,1,0
BRDA:98,2,0,0
BRDA:98,2,1,3
BRDA:100,3,0,0
BRDA:100,3,1,3
BRDA:101,4,0,3
BRDA:101,4,1,3
BRDA:130,5,0,2
BRDA:130,5,1,2
BRDA:175,6,0,1
BRDA:175,6,1,0
BRDA:189,7,0,3
BRDA:189,7,1,0
BRDA:191,8,0,0
BRDA:191,8,1,0
BRF:18
BRH:10
end_of_record
TN:
SF:/Users/sunyi/Documents/opensource/idb-managed/src/lib/db_env_checker.ts
FN:4,default_1
FNF:1
FNH:1
FNDA:4,default_1
DA:4,1
DA:5,4
DA:6,0
DA:8,4
DA:19,18
DA:20,2
LF:6
LH:5
BRDA:5,0,0,0
BRDA:5,0,1,4
BRDA:19,1,0,2
BRDA:19,1,1,16
BRDA:19,2,0,18
BRDA:19,2,1,17
BRF:6
BRH:5
end_of_record
TN:
SF:/Users/sunyi/Documents/opensource/idb-managed/src/lib/utils.ts
FN:11,(anonymous_0)
FN:17,(anonymous_1)
FN:23,(anonymous_2)
FN:29,(anonymous_3)
FN:35,isNonNegativeInteger
FN:38,optionWithBackup
FN:41,paramChecker
FNF:7
FNH:7
FNDA:8,(anonymous_0)
FNDA:13,(anonymous_1)
FNDA:4,(anonymous_2)
FNDA:2,(anonymous_3)
FNDA:6,isNonNegativeInteger
FNDA:1,optionWithBackup
FNDA:38,paramChecker
DA:5,1
DA:12,8
DA:18,13
DA:24,4
DA:30,2
DA:35,1
DA:36,6
DA:38,1
DA:39,1
DA:41,1
DA:47,38
DA:48,38
DA:49,18
DA:50,0
DA:53,20
DA:54,0
LF:16
LH:14
BRDA:12,0,0,8
BRDA:12,0,1,8
BRDA:36,1,0,6
BRDA:36,1,1,6
BRDA:39,2,0,1
BRDA:39,2,1,0
BRDA:48,3,0,18
BRDA:48,3,1,20
BRDA:49,4,0,0
BRDA:49,4,1,18
BRDA:49,5,0,18
BRDA:49,5,1,13
BRDA:53,6,0,0
BRDA:53,6,1,20
BRF:14
BRH:11
end_of_record
