TN:
SF:/Users/sunyi/Documents/opensource/idb-managed/src/db_wrapper.ts
FN:29,indexRange2DBKey
FN:53,itemWrapper
FN:67,itemUnwrapper
FN:79,registerDBInManager
FN:112,unregisterDBInManager
FN:124,createDB
FN:127,(anonymous_16)
FN:138,openDBManager
FN:141,(anonymous_19)
FN:147,openDB
FN:161,(anonymous_22)
FN:176,getItemFromDB
FN:193,upgradeDBManager
FN:199,upgradeDBWithTableList
FN:205,(anonymous_27)
FN:217,(anonymous_28)
FN:249,(anonymous_29)
FN:276,deleteItemsFromDB
FN:277,(anonymous_32)
FN:281,(anonymous_33)
FN:320,addItems
FN:322,(anonymous_36)
FN:326,(anonymous_37)
FN:340,(anonymous_38)
FN:363,getItem
FN:387,getItemsInRange
FN:428,deleteDB
FN:433,deleteItems
FNF:28
FNH:26
FNDA:2,indexRange2DBKey
FNDA:5,itemWrapper
FNDA:13,itemUnwrapper
FNDA:2,registerDBInManager
FNDA:1,unregisterDBInManager
FNDA:2,createDB
FNDA:2,(anonymous_16)
FNDA:10,openDBManager
FNDA:1,(anonymous_19)
FNDA:7,openDB
FNDA:0,(anonymous_22)
FNDA:10,getItemFromDB
FNDA:1,upgradeDBManager
FNDA:2,upgradeDBWithTableList
FNDA:2,(anonymous_27)
FNDA:0,(anonymous_28)
FNDA:2,(anonymous_29)
FNDA:1,deleteItemsFromDB
FNDA:1,(anonymous_32)
FNDA:1,(anonymous_33)
FNDA:2,addItems
FNDA:3,(anonymous_36)
FNDA:2,(anonymous_37)
FNDA:3,(anonymous_38)
FNDA:1,getItem
FNDA:3,getItemsInRange
FNDA:1,deleteDB
FNDA:3,deleteItems
DA:4,1
DA:13,1
DA:14,1
DA:15,1
DA:16,1
DA:17,1
DA:18,1
DA:36,2
DA:37,2
DA:38,1
DA:39,1
DA:40,0
DA:46,1
DA:47,0
DA:49,1
DA:54,5
DA:55,5
DA:68,13
DA:69,5
DA:70,8
DA:71,0
DA:73,8
DA:74,8
DA:75,8
DA:80,2
DA:81,2
DA:86,2
DA:88,0
DA:91,2
DA:95,2
DA:96,2
DA:101,2
DA:107,2
DA:108,2
DA:113,1
DA:114,1
DA:118,1
DA:119,1
DA:120,1
DA:121,1
DA:125,2
DA:126,2
DA:128,2
DA:135,2
DA:139,10
DA:142,1
DA:148,7
DA:149,7
DA:154,7
DA:155,7
DA:156,4
DA:162,0
DA:170,4
DA:172,3
DA:181,10
DA:182,10
DA:183,10
DA:184,10
DA:187,10
DA:189,0
DA:194,1
DA:204,2
DA:205,2
DA:207,2
DA:212,0
DA:216,0
DA:218,0
DA:223,0
DA:233,2
DA:234,2
DA:244,2
DA:248,2
DA:250,2
DA:258,2
DA:264,2
DA:272,0
DA:277,1
DA:278,1
DA:280,1
DA:281,1
DA:283,1
DA:284,1
DA:285,1
DA:286,1
DA:287,1
DA:288,1
DA:289,0
DA:291,1
DA:292,1
DA:295,1
DA:296,1
DA:297,1
DA:301,1
DA:302,1
DA:304,0
DA:306,0
DA:307,0
DA:311,0
DA:313,0
DA:315,0
DA:320,1
DA:321,2
DA:322,3
DA:324,2
DA:327,2
DA:337,2
DA:338,2
DA:339,2
DA:340,2
DA:341,3
DA:342,3
DA:344,2
DA:345,2
DA:347,0
DA:349,0
DA:350,0
DA:354,0
DA:356,0
DA:358,0
DA:363,1
DA:368,1
DA:369,1
DA:370,1
DA:371,1
DA:376,1
DA:377,1
DA:379,0
DA:380,0
DA:383,0
DA:387,1
DA:391,3
DA:392,3
DA:393,3
DA:394,2
DA:395,2
DA:396,2
DA:399,2
DA:400,2
DA:402,2
DA:403,1
DA:404,1
DA:406,1
DA:407,1
DA:410,1
DA:411,2
DA:412,2
DA:413,2
DA:417,2
DA:418,2
DA:420,0
DA:421,0
DA:424,1
DA:428,1
DA:429,1
DA:430,1
DA:433,1
DA:437,3
DA:438,3
DA:439,1
DA:442,2
DA:446,1
LF:161
LH:132
BRDA:34,0,0,2
BRDA:35,1,0,1
BRDA:37,2,0,1
BRDA:37,2,1,1
BRDA:39,3,0,0
BRDA:39,3,1,1
BRDA:39,4,0,1
BRDA:39,4,1,0
BRDA:46,5,0,0
BRDA:46,5,1,1
BRDA:61,6,0,3
BRDA:61,6,1,2
BRDA:68,7,0,5
BRDA:68,7,1,8
BRDA:70,8,0,0
BRDA:70,8,1,8
BRDA:70,9,0,8
BRDA:70,9,1,4
BRDA:86,10,0,0
BRDA:86,10,1,2
BRDA:86,11,0,2
BRDA:86,11,1,0
BRDA:155,12,0,4
BRDA:155,12,1,3
BRDA:164,13,0,0
BRDA:164,13,1,0
BRDA:181,14,0,10
BRDA:181,14,1,0
BRDA:207,15,0,0
BRDA:207,15,1,2
BRDA:216,16,0,0
BRDA:216,16,1,0
BRDA:218,17,0,0
BRDA:218,17,1,0
BRDA:233,18,0,2
BRDA:233,18,1,0
BRDA:239,19,0,0
BRDA:239,19,1,2
BRDA:248,20,0,2
BRDA:248,20,1,0
BRDA:288,21,0,0
BRDA:288,21,1,1
BRDA:369,22,0,1
BRDA:369,22,1,0
BRDA:393,23,0,2
BRDA:393,23,1,1
BRDA:396,24,0,0
BRDA:396,24,1,2
BRDA:402,25,0,1
BRDA:402,25,1,1
BRDA:404,26,0,1
BRDA:404,26,1,0
BRDA:412,27,0,2
BRDA:412,27,1,2
BRDA:438,28,0,1
BRDA:438,28,1,2
BRF:56
BRH:35
end_of_record
TN:
SF:/Users/sunyi/Documents/opensource/idb-managed/src/index.ts
FN:14,_customDBConfigChecker
FN:40,(anonymous_8)
FN:60,(anonymous_9)
FN:77,_customDBAddItemsParamChecker
FN:82,(anonymous_11)
FN:96,(anonymous_12)
FN:111,tableIndexRangeParamChecker
FN:157,idbIsSupported
FN:170,(anonymous_15)
FN:175,(anonymous_16)
FN:183,(anonymous_17)
FN:184,(anonymous_19)
FN:199,(anonymous_20)
FN:201,(anonymous_21)
FN:223,(anonymous_22)
FN:227,(anonymous_24)
FN:232,(anonymous_26)
FN:239,(anonymous_28)
FN:246,deleteDB
FNF:19
FNH:19
FNDA:1,_customDBConfigChecker
FNDA:1,(anonymous_8)
FNDA:1,(anonymous_9)
FNDA:2,_customDBAddItemsParamChecker
FNDA:3,(anonymous_11)
FNDA:3,(anonymous_12)
FNDA:4,tableIndexRangeParamChecker
FNDA:3,idbIsSupported
FNDA:1,(anonymous_15)
FNDA:1,(anonymous_16)
FNDA:2,(anonymous_17)
FNDA:3,(anonymous_19)
FNDA:3,(anonymous_20)
FNDA:3,(anonymous_21)
FNDA:1,(anonymous_22)
FNDA:3,(anonymous_24)
FNDA:1,(anonymous_26)
FNDA:1,(anonymous_28)
FNDA:1,deleteDB
DA:1,1
DA:2,1
DA:3,1
DA:12,1
DA:13,1
DA:15,1
DA:21,1
DA:22,1
DA:28,1
DA:34,1
DA:40,1
DA:41,1
DA:42,1
DA:48,1
DA:54,1
DA:60,1
DA:61,1
DA:67,1
DA:81,2
DA:82,2
DA:83,3
DA:89,3
DA:95,3
DA:96,3
DA:98,3
DA:99,0
DA:100,3
DA:106,0
DA:112,4
DA:118,4
DA:124,4
DA:130,4
DA:135,2
DA:136,2
DA:142,2
DA:148,2
DA:157,1
DA:158,3
DA:159,3
DA:160,1
DA:162,2
DA:165,1
DA:171,1
DA:172,1
DA:173,1
DA:174,1
DA:175,1
DA:176,1
DA:181,1
DA:184,2
DA:189,3
DA:190,3
DA:191,0
DA:192,0
DA:194,0
DA:197,2
DA:199,2
DA:200,3
DA:201,3
DA:203,3
DA:214,2
DA:224,1
DA:228,3
DA:229,3
DA:233,1
DA:239,1
DA:240,1
DA:242,1
DA:246,1
DA:247,1
DA:248,1
DA:249,1
DA:251,1
LF:73
LH:68
BRDA:40,0,0,1
BRDA:40,0,1,0
BRDA:60,1,0,1
BRDA:60,1,1,0
BRDA:98,2,0,0
BRDA:98,2,1,3
BRDA:100,3,0,0
BRDA:100,3,1,3
BRDA:101,4,0,3
BRDA:101,4,1,3
BRDA:130,5,0,2
BRDA:130,5,1,2
BRDA:175,6,0,1
BRDA:175,6,1,0
BRDA:189,7,0,3
BRDA:189,7,1,0
BRDA:191,8,0,0
BRDA:191,8,1,0
BRF:18
BRH:10
end_of_record
TN:
SF:/Users/sunyi/Documents/opensource/idb-managed/src/lib/db_env_checker.ts
FN:4,default_1
FNF:1
FNH:1
FNDA:4,default_1
DA:4,1
DA:5,4
DA:6,0
DA:8,4
DA:19,18
DA:20,2
LF:6
LH:5
BRDA:5,0,0,0
BRDA:5,0,1,4
BRDA:19,1,0,2
BRDA:19,1,1,16
BRDA:19,2,0,18
BRDA:19,2,1,17
BRF:6
BRH:5
end_of_record
TN:
SF:/Users/sunyi/Documents/opensource/idb-managed/src/lib/utils.ts
FN:11,(anonymous_0)
FN:17,(anonymous_1)
FN:23,(anonymous_2)
FN:29,(anonymous_3)
FN:35,isNonNegativeInteger
FN:38,optionWithBackup
FN:41,paramChecker
FNF:7
FNH:7
FNDA:8,(anonymous_0)
FNDA:13,(anonymous_1)
FNDA:4,(anonymous_2)
FNDA:2,(anonymous_3)
FNDA:6,isNonNegativeInteger
FNDA:1,optionWithBackup
FNDA:38,paramChecker
DA:5,1
DA:12,8
DA:18,13
DA:24,4
DA:30,2
DA:35,1
DA:36,6
DA:38,1
DA:39,1
DA:41,1
DA:47,38
DA:48,38
DA:49,18
DA:50,0
DA:53,20
DA:54,0
LF:16
LH:14
BRDA:12,0,0,8
BRDA:12,0,1,8
BRDA:36,1,0,6
BRDA:36,1,1,6
BRDA:39,2,0,1
BRDA:39,2,1,0
BRDA:48,3,0,18
BRDA:48,3,1,20
BRDA:49,4,0,0
BRDA:49,4,1,18
BRDA:49,5,0,18
BRDA:49,5,1,13
BRDA:53,6,0,0
BRDA:53,6,1,20
BRF:14
BRH:11
end_of_record
